<?xml version="1.0" encoding="UTF-8"?>
<testsuites name="e2e-regression" tests="26" time="0.119">
  <testsuite name="Positive-critical-path / add_activity" id="a3680e76-48bb-491e-8cbe-2ad7f1871e60" timestamp="2024-03-20T07:29:24.288Z" tests="6" failures="6" errors="1" time="0.000">
    <system-err><![CDATA[Iteration: 0
RequestError: Error: connect ECONNREFUSED 172.25.0.4:8080
    at TCPConnectWrap.afterConnect [as oncomplete] (node:net:1278:16)

---
]]></system-err>
    <testcase name="Status code is 200" time="0.000" classname="E2ERegression">
      <failure type="AssertionFailure" message="expected undefined to deeply equal 200">
        <![CDATA[Failed 1 times.]]>
        <![CDATA[Collection JSON ID: b0c3c496-91ab-4155-8da5-21bf3a25bf0d.]]>
        <![CDATA[Collection name: e2e-regression.]]>
        <![CDATA[Request name: Positive-critical-path / add_activity.]]>
        <![CDATA[Test description: Status code is 200.]]>
        <![CDATA[Error message: expected undefined to deeply equal 200.]]>
        <![CDATA[Stacktrace: AssertionError: expected undefined to deeply equal 200
   at Object.eval sandbox-script.js:1:1).]]>
      </failure>
    </testcase>
    <testcase name="Text about add new activity" time="0.000" classname="E2ERegression">
      <failure type="AssertionFailure" message="the given combination of arguments (undefined and string) is invalid for this assertion. You can use an array, a map, an object, a set, a string, or a weakset instead of a string">
        <![CDATA[Failed 1 times.]]>
        <![CDATA[Collection JSON ID: b0c3c496-91ab-4155-8da5-21bf3a25bf0d.]]>
        <![CDATA[Collection name: e2e-regression.]]>
        <![CDATA[Request name: Positive-critical-path / add_activity.]]>
        <![CDATA[Test description: Text about add new activity.]]>
        <![CDATA[Error message: the given combination of arguments (undefined and string) is invalid for this assertion. You can use an array, a map, an object, a set, a string, or a weakset instead of a string.]]>
        <![CDATA[Stacktrace: AssertionError: the given combination of arguments (undefined and string) is invalid for this assertion. You can use an array, a map, an object, a set, a string, or a weakset instead of a string
   at Object.eval sandbox-script.js:2:1).]]>
      </failure>
    </testcase>
    <testcase name="The response has title" time="0.000" classname="E2ERegression">
      <failure type="AssertionFailure" message="the given combination of arguments (undefined and string) is invalid for this assertion. You can use an array, a map, an object, a set, a string, or a weakset instead of a string">
        <![CDATA[Failed 1 times.]]>
        <![CDATA[Collection JSON ID: b0c3c496-91ab-4155-8da5-21bf3a25bf0d.]]>
        <![CDATA[Collection name: e2e-regression.]]>
        <![CDATA[Request name: Positive-critical-path / add_activity.]]>
        <![CDATA[Test description: The response has title.]]>
        <![CDATA[Error message: the given combination of arguments (undefined and string) is invalid for this assertion. You can use an array, a map, an object, a set, a string, or a weakset instead of a string.]]>
        <![CDATA[Stacktrace: AssertionError: the given combination of arguments (undefined and string) is invalid for this assertion. You can use an array, a map, an object, a set, a string, or a weakset instead of a string
   at Object.eval sandbox-script.js:3:1).]]>
      </failure>
    </testcase>
    <testcase name="The response has content" time="0.000" classname="E2ERegression">
      <failure type="AssertionFailure" message="the given combination of arguments (undefined and string) is invalid for this assertion. You can use an array, a map, an object, a set, a string, or a weakset instead of a string">
        <![CDATA[Failed 1 times.]]>
        <![CDATA[Collection JSON ID: b0c3c496-91ab-4155-8da5-21bf3a25bf0d.]]>
        <![CDATA[Collection name: e2e-regression.]]>
        <![CDATA[Request name: Positive-critical-path / add_activity.]]>
        <![CDATA[Test description: The response has content.]]>
        <![CDATA[Error message: the given combination of arguments (undefined and string) is invalid for this assertion. You can use an array, a map, an object, a set, a string, or a weakset instead of a string.]]>
        <![CDATA[Stacktrace: AssertionError: the given combination of arguments (undefined and string) is invalid for this assertion. You can use an array, a map, an object, a set, a string, or a weakset instead of a string
   at Object.eval sandbox-script.js:4:1).]]>
      </failure>
    </testcase>
    <testcase name="The response has time" time="0.000" classname="E2ERegression">
      <failure type="AssertionFailure" message="the given combination of arguments (undefined and string) is invalid for this assertion. You can use an array, a map, an object, a set, a string, or a weakset instead of a string">
        <![CDATA[Failed 1 times.]]>
        <![CDATA[Collection JSON ID: b0c3c496-91ab-4155-8da5-21bf3a25bf0d.]]>
        <![CDATA[Collection name: e2e-regression.]]>
        <![CDATA[Request name: Positive-critical-path / add_activity.]]>
        <![CDATA[Test description: The response has time.]]>
        <![CDATA[Error message: the given combination of arguments (undefined and string) is invalid for this assertion. You can use an array, a map, an object, a set, a string, or a weakset instead of a string.]]>
        <![CDATA[Stacktrace: AssertionError: the given combination of arguments (undefined and string) is invalid for this assertion. You can use an array, a map, an object, a set, a string, or a weakset instead of a string
   at Object.eval sandbox-script.js:5:1).]]>
      </failure>
    </testcase>
    <testcase name="Reponse time is less than 200ms" time="0.000" classname="E2ERegression">
      <failure type="AssertionFailure" message="expected undefined to be a number or a date">
        <![CDATA[Failed 1 times.]]>
        <![CDATA[Collection JSON ID: b0c3c496-91ab-4155-8da5-21bf3a25bf0d.]]>
        <![CDATA[Collection name: e2e-regression.]]>
        <![CDATA[Request name: Positive-critical-path / add_activity.]]>
        <![CDATA[Test description: Reponse time is less than 200ms.]]>
        <![CDATA[Error message: expected undefined to be a number or a date.]]>
        <![CDATA[Stacktrace: AssertionError: expected undefined to be a number or a date
   at Object.eval sandbox-script.js:6:1).]]>
      </failure>
    </testcase>
  </testsuite>
  <testsuite name="Positive-critical-path / slq_query_after_add" id="8da7c1c5-615f-47f3-89eb-0e30abaa6bd0" timestamp="2024-03-20T07:29:24.288Z" tests="2" failures="2" errors="1" time="0.000">
    <system-err><![CDATA[Iteration: 0
RequestError: Error: connect ECONNREFUSED 172.25.0.3:4545
    at TCPConnectWrap.afterConnect [as oncomplete] (node:net:1278:16)

---
]]></system-err>
    <testcase name="Response code is 200" time="0.000" classname="E2ERegression">
      <failure type="AssertionFailure" message="expected undefined to deeply equal 200">
        <![CDATA[Failed 1 times.]]>
        <![CDATA[Collection JSON ID: b0c3c496-91ab-4155-8da5-21bf3a25bf0d.]]>
        <![CDATA[Collection name: e2e-regression.]]>
        <![CDATA[Request name: Positive-critical-path / slq_query_after_add.]]>
        <![CDATA[Test description: Response code is 200.]]>
        <![CDATA[Error message: expected undefined to deeply equal 200.]]>
        <![CDATA[Stacktrace: AssertionError: expected undefined to deeply equal 200
   at Object.eval sandbox-script.js:1:2).]]>
      </failure>
    </testcase>
    <testcase name="Title which added, equal title in db" time="0.000" classname="E2ERegression">
      <failure type="AssertionFailure" message="the given combination of arguments (undefined and string) is invalid for this assertion. You can use an array, a map, an object, a set, a string, or a weakset instead of a string">
        <![CDATA[Failed 1 times.]]>
        <![CDATA[Collection JSON ID: b0c3c496-91ab-4155-8da5-21bf3a25bf0d.]]>
        <![CDATA[Collection name: e2e-regression.]]>
        <![CDATA[Request name: Positive-critical-path / slq_query_after_add.]]>
        <![CDATA[Test description: Title which added, equal title in db.]]>
        <![CDATA[Error message: the given combination of arguments (undefined and string) is invalid for this assertion. You can use an array, a map, an object, a set, a string, or a weakset instead of a string.]]>
        <![CDATA[Stacktrace: AssertionError: the given combination of arguments (undefined and string) is invalid for this assertion. You can use an array, a map, an object, a set, a string, or a weakset instead of a string
   at Object.eval sandbox-script.js:2:2).]]>
      </failure>
    </testcase>
  </testsuite>
  <testsuite name="Positive-critical-path / check_activity_added" id="c3002e53-ffe2-4510-9b57-a19372e864dd" timestamp="2024-03-20T07:29:24.288Z" tests="1" failures="1" errors="2" time="0.000">
    <system-err><![CDATA[Iteration: 0
RequestError: Error: connect ECONNREFUSED 172.25.0.4:8080
    at TCPConnectWrap.afterConnect [as oncomplete] (node:net:1278:16)

---
testScriptError: Unexpected token u in JSON at position 0
---
]]></system-err>
    <testcase name="Status code is 200" time="0.000" classname="E2ERegression">
      <failure type="AssertionFailure" message="expected undefined to deeply equal 200">
        <![CDATA[Failed 1 times.]]>
        <![CDATA[Collection JSON ID: b0c3c496-91ab-4155-8da5-21bf3a25bf0d.]]>
        <![CDATA[Collection name: e2e-regression.]]>
        <![CDATA[Request name: Positive-critical-path / check_activity_added.]]>
        <![CDATA[Test description: Status code is 200.]]>
        <![CDATA[Error message: expected undefined to deeply equal 200.]]>
        <![CDATA[Stacktrace: AssertionError: expected undefined to deeply equal 200
   at Object.eval sandbox-script.js:1:3).]]>
      </failure>
    </testcase>
  </testsuite>
  <testsuite name="Positive-critical-path / update_activity_1" id="542e8e33-166b-4ef2-8612-32b02e2b2602" timestamp="2024-03-20T07:29:24.288Z" tests="1" failures="1" errors="2" time="0.000">
    <system-err><![CDATA[Iteration: 0
RequestError: Error: connect ECONNREFUSED 172.25.0.4:8080
    at TCPConnectWrap.afterConnect [as oncomplete] (node:net:1278:16)

---
testScriptError: Unexpected token u in JSON at position 0
---
]]></system-err>
    <testcase name="Status code is 200" time="0.000" classname="E2ERegression">
      <failure type="AssertionFailure" message="expected undefined to deeply equal 200">
        <![CDATA[Failed 1 times.]]>
        <![CDATA[Collection JSON ID: b0c3c496-91ab-4155-8da5-21bf3a25bf0d.]]>
        <![CDATA[Collection name: e2e-regression.]]>
        <![CDATA[Request name: Positive-critical-path / update_activity_1.]]>
        <![CDATA[Test description: Status code is 200.]]>
        <![CDATA[Error message: expected undefined to deeply equal 200.]]>
        <![CDATA[Stacktrace: AssertionError: expected undefined to deeply equal 200
   at Object.eval sandbox-script.js:1:4).]]>
      </failure>
    </testcase>
  </testsuite>
  <testsuite name="Positive-critical-path / slq_query_after_first_update" id="ecec03a6-756c-4f63-8c9d-cb33cbf2fb78" timestamp="2024-03-20T07:29:24.288Z" tests="2" failures="2" errors="1" time="0.000">
    <system-err><![CDATA[Iteration: 0
RequestError: Error: connect ECONNREFUSED 172.25.0.3:4545
    at TCPConnectWrap.afterConnect [as oncomplete] (node:net:1278:16)

---
]]></system-err>
    <testcase name="Response code is 200" time="0.000" classname="E2ERegression">
      <failure type="AssertionFailure" message="expected undefined to deeply equal 200">
        <![CDATA[Failed 1 times.]]>
        <![CDATA[Collection JSON ID: b0c3c496-91ab-4155-8da5-21bf3a25bf0d.]]>
        <![CDATA[Collection name: e2e-regression.]]>
        <![CDATA[Request name: Positive-critical-path / slq_query_after_first_update.]]>
        <![CDATA[Test description: Response code is 200.]]>
        <![CDATA[Error message: expected undefined to deeply equal 200.]]>
        <![CDATA[Stacktrace: AssertionError: expected undefined to deeply equal 200
   at Object.eval sandbox-script.js:1:5).]]>
      </failure>
    </testcase>
    <testcase name="Title which added, equal title in db" time="0.000" classname="E2ERegression">
      <failure type="AssertionFailure" message="the given combination of arguments (undefined and string) is invalid for this assertion. You can use an array, a map, an object, a set, a string, or a weakset instead of a string">
        <![CDATA[Failed 1 times.]]>
        <![CDATA[Collection JSON ID: b0c3c496-91ab-4155-8da5-21bf3a25bf0d.]]>
        <![CDATA[Collection name: e2e-regression.]]>
        <![CDATA[Request name: Positive-critical-path / slq_query_after_first_update.]]>
        <![CDATA[Test description: Title which added, equal title in db.]]>
        <![CDATA[Error message: the given combination of arguments (undefined and string) is invalid for this assertion. You can use an array, a map, an object, a set, a string, or a weakset instead of a string.]]>
        <![CDATA[Stacktrace: AssertionError: the given combination of arguments (undefined and string) is invalid for this assertion. You can use an array, a map, an object, a set, a string, or a weakset instead of a string
   at Object.eval sandbox-script.js:2:5).]]>
      </failure>
    </testcase>
  </testsuite>
  <testsuite name="Positive-critical-path / check_activity_updated" id="a1ba01a9-77c1-4a36-a793-8bf332c4eb28" timestamp="2024-03-20T07:29:24.288Z" tests="1" failures="1" errors="2" time="0.000">
    <system-err><![CDATA[Iteration: 0
RequestError: Error: connect ECONNREFUSED 172.25.0.4:8080
    at TCPConnectWrap.afterConnect [as oncomplete] (node:net:1278:16)

---
testScriptError: Unexpected token u in JSON at position 0
---
]]></system-err>
    <testcase name="Status code is 200" time="0.000" classname="E2ERegression">
      <failure type="AssertionFailure" message="expected undefined to deeply equal 200">
        <![CDATA[Failed 1 times.]]>
        <![CDATA[Collection JSON ID: b0c3c496-91ab-4155-8da5-21bf3a25bf0d.]]>
        <![CDATA[Collection name: e2e-regression.]]>
        <![CDATA[Request name: Positive-critical-path / check_activity_updated.]]>
        <![CDATA[Test description: Status code is 200.]]>
        <![CDATA[Error message: expected undefined to deeply equal 200.]]>
        <![CDATA[Stacktrace: AssertionError: expected undefined to deeply equal 200
   at Object.eval sandbox-script.js:1:6).]]>
      </failure>
    </testcase>
  </testsuite>
  <testsuite name="Positive-critical-path / add_time_spent" id="2ee488f4-bd54-4e17-8276-cc3aed951d0f" timestamp="2024-03-20T07:29:24.288Z" tests="2" failures="2" errors="1" time="0.000">
    <system-err><![CDATA[Iteration: 0
RequestError: Error: connect ECONNREFUSED 172.25.0.4:8080
    at TCPConnectWrap.afterConnect [as oncomplete] (node:net:1278:16)

---
]]></system-err>
    <testcase name="Status code is 200" time="0.000" classname="E2ERegression">
      <failure type="AssertionFailure" message="expected undefined to deeply equal 200">
        <![CDATA[Failed 1 times.]]>
        <![CDATA[Collection JSON ID: b0c3c496-91ab-4155-8da5-21bf3a25bf0d.]]>
        <![CDATA[Collection name: e2e-regression.]]>
        <![CDATA[Request name: Positive-critical-path / add_time_spent.]]>
        <![CDATA[Test description: Status code is 200.]]>
        <![CDATA[Error message: expected undefined to deeply equal 200.]]>
        <![CDATA[Stacktrace: AssertionError: expected undefined to deeply equal 200
   at Object.eval sandbox-script.js:1:7).]]>
      </failure>
    </testcase>
    <testcase name="Anwser has text about time added" time="0.000" classname="E2ERegression">
      <failure type="AssertionFailure" message="the given combination of arguments (undefined and string) is invalid for this assertion. You can use an array, a map, an object, a set, a string, or a weakset instead of a string">
        <![CDATA[Failed 1 times.]]>
        <![CDATA[Collection JSON ID: b0c3c496-91ab-4155-8da5-21bf3a25bf0d.]]>
        <![CDATA[Collection name: e2e-regression.]]>
        <![CDATA[Request name: Positive-critical-path / add_time_spent.]]>
        <![CDATA[Test description: Anwser has text about time added.]]>
        <![CDATA[Error message: the given combination of arguments (undefined and string) is invalid for this assertion. You can use an array, a map, an object, a set, a string, or a weakset instead of a string.]]>
        <![CDATA[Stacktrace: AssertionError: the given combination of arguments (undefined and string) is invalid for this assertion. You can use an array, a map, an object, a set, a string, or a weakset instead of a string
   at Object.eval sandbox-script.js:2:7).]]>
      </failure>
    </testcase>
  </testsuite>
  <testsuite name="Positive-critical-path / slq_query_after_add_time_spent" id="4f3de45b-f6d0-4852-9953-c37df85b453d" timestamp="2024-03-20T07:29:24.288Z" tests="2" failures="2" errors="1" time="0.000">
    <system-err><![CDATA[Iteration: 0
RequestError: Error: connect ECONNREFUSED 172.25.0.3:4545
    at TCPConnectWrap.afterConnect [as oncomplete] (node:net:1278:16)

---
]]></system-err>
    <testcase name="Response code is 200" time="0.000" classname="E2ERegression">
      <failure type="AssertionFailure" message="expected undefined to deeply equal 200">
        <![CDATA[Failed 1 times.]]>
        <![CDATA[Collection JSON ID: b0c3c496-91ab-4155-8da5-21bf3a25bf0d.]]>
        <![CDATA[Collection name: e2e-regression.]]>
        <![CDATA[Request name: Positive-critical-path / slq_query_after_add_time_spent.]]>
        <![CDATA[Test description: Response code is 200.]]>
        <![CDATA[Error message: expected undefined to deeply equal 200.]]>
        <![CDATA[Stacktrace: AssertionError: expected undefined to deeply equal 200
   at Object.eval sandbox-script.js:1:8).]]>
      </failure>
    </testcase>
    <testcase name="Response not empty" time="0.000" classname="E2ERegression">
      <failure type="AssertionFailure" message="Cannot read properties of undefined (reading 'length')">
        <![CDATA[Failed 1 times.]]>
        <![CDATA[Collection JSON ID: b0c3c496-91ab-4155-8da5-21bf3a25bf0d.]]>
        <![CDATA[Collection name: e2e-regression.]]>
        <![CDATA[Request name: Positive-critical-path / slq_query_after_add_time_spent.]]>
        <![CDATA[Test description: Response not empty.]]>
        <![CDATA[Error message: Cannot read properties of undefined (reading 'length').]]>
        <![CDATA[Stacktrace: TypeError: Cannot read properties of undefined (reading 'length')
   at Object.eval sandbox-script.js:2:8).]]>
      </failure>
    </testcase>
  </testsuite>
  <testsuite name="Positive-critical-path / check_time_spent_aded" id="f0feb5a3-d6ee-425e-a49f-bfbb1a3e8fe2" timestamp="2024-03-20T07:29:24.288Z" tests="0" failures="0" errors="2" time="0.000">
    <system-err><![CDATA[Iteration: 0
RequestError: Error: connect ECONNREFUSED 172.25.0.4:8080
    at TCPConnectWrap.afterConnect [as oncomplete] (node:net:1278:16)

---
testScriptError: Unexpected token u in JSON at position 0
---
]]></system-err>
  </testsuite>
  <testsuite name="Positive-critical-path / update_activity_2" id="52045ba6-e8c9-40c4-bd56-53e547edb97b" timestamp="2024-03-20T07:29:24.288Z" tests="1" failures="1" errors="2" time="0.000">
    <system-err><![CDATA[Iteration: 0
RequestError: Error: connect ECONNREFUSED 172.25.0.4:8080
    at TCPConnectWrap.afterConnect [as oncomplete] (node:net:1278:16)

---
testScriptError: Unexpected token u in JSON at position 0
---
]]></system-err>
    <testcase name="Status code is 200" time="0.000" classname="E2ERegression">
      <failure type="AssertionFailure" message="expected undefined to deeply equal 200">
        <![CDATA[Failed 1 times.]]>
        <![CDATA[Collection JSON ID: b0c3c496-91ab-4155-8da5-21bf3a25bf0d.]]>
        <![CDATA[Collection name: e2e-regression.]]>
        <![CDATA[Request name: Positive-critical-path / update_activity_2.]]>
        <![CDATA[Test description: Status code is 200.]]>
        <![CDATA[Error message: expected undefined to deeply equal 200.]]>
        <![CDATA[Stacktrace: AssertionError: expected undefined to deeply equal 200
   at Object.eval sandbox-script.js:1:10).]]>
      </failure>
    </testcase>
  </testsuite>
  <testsuite name="Positive-critical-path / check_time_spent_exist_after_update" id="c5f4dac5-4e98-4319-86a3-4ae226a2612e" timestamp="2024-03-20T07:29:24.288Z" tests="0" failures="0" errors="2" time="0.000">
    <system-err><![CDATA[Iteration: 0
RequestError: Error: connect ECONNREFUSED 172.25.0.4:8080
    at TCPConnectWrap.afterConnect [as oncomplete] (node:net:1278:16)

---
testScriptError: Unexpected token u in JSON at position 0
---
]]></system-err>
  </testsuite>
  <testsuite name="Positive-critical-path / add_time_spent_more_than_exist" id="10ba99d8-35f2-4b0f-bed5-c487a71eca0b" timestamp="2024-03-20T07:29:24.288Z" tests="2" failures="2" errors="1" time="0.000">
    <system-err><![CDATA[Iteration: 0
RequestError: Error: connect ECONNREFUSED 172.25.0.4:8080
    at TCPConnectWrap.afterConnect [as oncomplete] (node:net:1278:16)

---
]]></system-err>
    <testcase name="Status code is 200" time="0.000" classname="E2ERegression">
      <failure type="AssertionFailure" message="expected undefined to deeply equal 200">
        <![CDATA[Failed 1 times.]]>
        <![CDATA[Collection JSON ID: b0c3c496-91ab-4155-8da5-21bf3a25bf0d.]]>
        <![CDATA[Collection name: e2e-regression.]]>
        <![CDATA[Request name: Positive-critical-path / add_time_spent_more_than_exist.]]>
        <![CDATA[Test description: Status code is 200.]]>
        <![CDATA[Error message: expected undefined to deeply equal 200.]]>
        <![CDATA[Stacktrace: AssertionError: expected undefined to deeply equal 200
   at Object.eval sandbox-script.js:1:12).]]>
      </failure>
    </testcase>
    <testcase name="Anwser has text about time added" time="0.000" classname="E2ERegression">
      <failure type="AssertionFailure" message="the given combination of arguments (undefined and string) is invalid for this assertion. You can use an array, a map, an object, a set, a string, or a weakset instead of a string">
        <![CDATA[Failed 1 times.]]>
        <![CDATA[Collection JSON ID: b0c3c496-91ab-4155-8da5-21bf3a25bf0d.]]>
        <![CDATA[Collection name: e2e-regression.]]>
        <![CDATA[Request name: Positive-critical-path / add_time_spent_more_than_exist.]]>
        <![CDATA[Test description: Anwser has text about time added.]]>
        <![CDATA[Error message: the given combination of arguments (undefined and string) is invalid for this assertion. You can use an array, a map, an object, a set, a string, or a weakset instead of a string.]]>
        <![CDATA[Stacktrace: AssertionError: the given combination of arguments (undefined and string) is invalid for this assertion. You can use an array, a map, an object, a set, a string, or a weakset instead of a string
   at Object.eval sandbox-script.js:2:12).]]>
      </failure>
    </testcase>
  </testsuite>
  <testsuite name="Positive-critical-path / Delete_activity" id="5918cd9b-f7ad-4b20-a385-fce36be797ba" timestamp="2024-03-20T07:29:24.288Z" tests="2" failures="2" errors="1" time="0.000">
    <system-err><![CDATA[Iteration: 0
RequestError: Error: connect ECONNREFUSED 172.25.0.4:8080
    at TCPConnectWrap.afterConnect [as oncomplete] (node:net:1278:16)

---
]]></system-err>
    <testcase name="Status code is 200" time="0.000" classname="E2ERegression">
      <failure type="AssertionFailure" message="expected undefined to deeply equal 200">
        <![CDATA[Failed 1 times.]]>
        <![CDATA[Collection JSON ID: b0c3c496-91ab-4155-8da5-21bf3a25bf0d.]]>
        <![CDATA[Collection name: e2e-regression.]]>
        <![CDATA[Request name: Positive-critical-path / Delete_activity.]]>
        <![CDATA[Test description: Status code is 200.]]>
        <![CDATA[Error message: expected undefined to deeply equal 200.]]>
        <![CDATA[Stacktrace: AssertionError: expected undefined to deeply equal 200
   at Object.eval sandbox-script.js:1:13).]]>
      </failure>
    </testcase>
    <testcase name="Text should contain true information" time="0.000" classname="E2ERegression">
      <failure type="AssertionFailure" message="the given combination of arguments (undefined and string) is invalid for this assertion. You can use an array, a map, an object, a set, a string, or a weakset instead of a string">
        <![CDATA[Failed 1 times.]]>
        <![CDATA[Collection JSON ID: b0c3c496-91ab-4155-8da5-21bf3a25bf0d.]]>
        <![CDATA[Collection name: e2e-regression.]]>
        <![CDATA[Request name: Positive-critical-path / Delete_activity.]]>
        <![CDATA[Test description: Text should contain true information.]]>
        <![CDATA[Error message: the given combination of arguments (undefined and string) is invalid for this assertion. You can use an array, a map, an object, a set, a string, or a weakset instead of a string.]]>
        <![CDATA[Stacktrace: AssertionError: the given combination of arguments (undefined and string) is invalid for this assertion. You can use an array, a map, an object, a set, a string, or a weakset instead of a string
   at Object.eval sandbox-script.js:2:13).]]>
      </failure>
    </testcase>
  </testsuite>
  <testsuite name="Positive-critical-path / slq_query_after_add_delete_activity" id="2741c9c9-af39-4846-8e28-582f84cb26f4" timestamp="2024-03-20T07:29:24.288Z" tests="2" failures="2" errors="0" time="0.021">
    <testcase name="Response code is 200" time="0.021" classname="E2ERegression">
      <failure type="AssertionFailure" message="expected 404 to deeply equal 200">
        <![CDATA[Failed 1 times.]]>
        <![CDATA[Collection JSON ID: b0c3c496-91ab-4155-8da5-21bf3a25bf0d.]]>
        <![CDATA[Collection name: e2e-regression.]]>
        <![CDATA[Request name: Positive-critical-path / slq_query_after_add_delete_activity.]]>
        <![CDATA[Test description: Response code is 200.]]>
        <![CDATA[Error message: expected 404 to deeply equal 200.]]>
        <![CDATA[Stacktrace: AssertionError: expected 404 to deeply equal 200
   at Object.eval sandbox-script.js:1:14).]]>
      </failure>
    </testcase>
    <testcase name="Activities deleted from db, and response is empty" time="0.021" classname="E2ERegression">
      <failure type="AssertionFailure" message="expected 15 to deeply equal 2">
        <![CDATA[Failed 1 times.]]>
        <![CDATA[Collection JSON ID: b0c3c496-91ab-4155-8da5-21bf3a25bf0d.]]>
        <![CDATA[Collection name: e2e-regression.]]>
        <![CDATA[Request name: Positive-critical-path / slq_query_after_add_delete_activity.]]>
        <![CDATA[Test description: Activities deleted from db, and response is empty.]]>
        <![CDATA[Error message: expected 15 to deeply equal 2.]]>
        <![CDATA[Stacktrace: AssertionError: expected 15 to deeply equal 2
   at Object.eval sandbox-script.js:2:14).]]>
      </failure>
    </testcase>
  </testsuite>
  <testsuite name="Positive-critical-path / check_time_spent_exist_after_delete" id="4a75bdf5-2704-409e-9072-9d57a76ab6f5" timestamp="2024-03-20T07:29:24.288Z" tests="0" failures="0" errors="1" time="0.016">
    <system-err><![CDATA[Iteration: 0

---
testScriptError: Unexpected token 'C' at 1:1
Cannot update. invalid data.
^
---
]]></system-err>
  </testsuite>
  <testsuite name="Positive-critical-path / add_time_spent_when_activity_not_exist" id="49a44776-67e5-4420-8121-55e068d1ce72" timestamp="2024-03-20T07:29:24.288Z" tests="1" failures="1" errors="0" time="0.010">
    <testcase name="Status code is 404" time="0.010" classname="E2ERegression">
      <failure type="AssertionFailure" message="expected 422 to deeply equal 404">
        <![CDATA[Failed 1 times.]]>
        <![CDATA[Collection JSON ID: b0c3c496-91ab-4155-8da5-21bf3a25bf0d.]]>
        <![CDATA[Collection name: e2e-regression.]]>
        <![CDATA[Request name: Positive-critical-path / add_time_spent_when_activity_not_exist.]]>
        <![CDATA[Test description: Status code is 404.]]>
        <![CDATA[Error message: expected 422 to deeply equal 404.]]>
        <![CDATA[Stacktrace: AssertionError: expected 422 to deeply equal 404
   at Object.eval sandbox-script.js:1:16).]]>
      </failure>
    </testcase>
  </testsuite>
  <testsuite name="NegativeCases / Add / miss_one_field" id="ef153093-4ea0-4366-a1ac-c64afdf34417" timestamp="2024-03-20T07:29:24.288Z" tests="2" failures="0" errors="0" time="0.007">
    <testcase name="Status code is 422" time="0.007" classname="E2ERegression"/>
    <testcase name="Response text should exist information about field which missed" time="0.007" classname="E2ERegression"/>
  </testsuite>
  <testsuite name="NegativeCases / Add / miss_several_fields" id="68639c9e-a805-4a6a-859f-4185c37ba605" timestamp="2024-03-20T07:29:24.288Z" tests="3" failures="1" errors="0" time="0.006">
    <testcase name="Status code is 422" time="0.006" classname="E2ERegression"/>
    <testcase name="Response text should exist information about missed title" time="0.006" classname="E2ERegression"/>
    <testcase name="Response text should exist information about missed Time" time="0.006" classname="E2ERegression">
      <failure type="AssertionFailure" message="expected 'Request body deserialize error: missi…' to include 'missing field `time`'">
        <![CDATA[Failed 1 times.]]>
        <![CDATA[Collection JSON ID: b0c3c496-91ab-4155-8da5-21bf3a25bf0d.]]>
        <![CDATA[Collection name: e2e-regression.]]>
        <![CDATA[Request name: NegativeCases / Add / miss_several_fields.]]>
        <![CDATA[Test description: Response text should exist information about missed Time.]]>
        <![CDATA[Error message: expected 'Request body deserialize error: missi…' to include 'missing field `time`'.]]>
        <![CDATA[Stacktrace: AssertionError: expected 'Request body deserialize error: missi…' to include 'missing field `time`'
   at Object.eval sandbox-script.js:3:18).]]>
      </failure>
    </testcase>
  </testsuite>
  <testsuite name="NegativeCases / Add / wrong_data_type" id="8233d5c8-02d0-4509-9571-279a24c4e17a" timestamp="2024-03-20T07:29:24.288Z" tests="2" failures="0" errors="0" time="0.005">
    <testcase name="Status code is 422" time="0.005" classname="E2ERegression"/>
    <testcase name="Response text should exist information about invalid type" time="0.005" classname="E2ERegression"/>
  </testsuite>
  <testsuite name="NegativeCases / Add / body_type_text" id="8eeb73e5-233d-4be5-adf4-ac3b86455853" timestamp="2024-03-20T07:29:24.288Z" tests="1" failures="1" errors="0" time="0.008">
    <testcase name="Status code is 422" time="0.008" classname="E2ERegression">
      <failure type="AssertionFailure" message="expected 404 to deeply equal 422">
        <![CDATA[Failed 1 times.]]>
        <![CDATA[Collection JSON ID: b0c3c496-91ab-4155-8da5-21bf3a25bf0d.]]>
        <![CDATA[Collection name: e2e-regression.]]>
        <![CDATA[Request name: NegativeCases / Add / body_type_text.]]>
        <![CDATA[Test description: Status code is 422.]]>
        <![CDATA[Error message: expected 404 to deeply equal 422.]]>
        <![CDATA[Stacktrace: AssertionError: expected 404 to deeply equal 422
   at Object.eval sandbox-script.js:1:20).]]>
      </failure>
    </testcase>
  </testsuite>
  <testsuite name="NegativeCases / Add / miss_body" id="5346d0fe-c9fb-4c61-b2e4-4bc44b9cff94" timestamp="2024-03-20T07:29:24.288Z" tests="2" failures="0" errors="0" time="0.005">
    <testcase name="Status code is 422" time="0.005" classname="E2ERegression"/>
    <testcase name="Response text should exist information about missed body" time="0.005" classname="E2ERegression"/>
  </testsuite>
  <testsuite name="NegativeCases / Edit / update_activity_with_empty_value" id="fbcc9b2c-6450-4ac0-b3f4-b7dfc4a8063d" timestamp="2024-03-20T07:29:24.288Z" tests="4" failures="0" errors="0" time="0.010">
    <testcase name="response should be okay to process" time="0.010" classname="E2ERegression"/>
    <testcase name="Status code is 422" time="0.010" classname="E2ERegression"/>
    <testcase name="The response has text about missing time" time="0.010" classname="E2ERegression"/>
  </testsuite>
  <testsuite name="NegativeCases / Edit / update_activity_with_incorect_data_type" id="4aae9f7c-bee0-46c6-b547-7a146fc38a87" timestamp="2024-03-20T07:29:24.288Z" tests="4" failures="0" errors="0" time="0.006">
    <testcase name="response should be okay to process" time="0.006" classname="E2ERegression"/>
    <testcase name="Status code is 422" time="0.006" classname="E2ERegression"/>
    <testcase name="The response has text about invalid type" time="0.006" classname="E2ERegression"/>
  </testsuite>
  <testsuite name="NegativeCases / Edit / update_activity_add_not_exist_field" id="389ffc76-68ad-4131-933e-320b2ff455ea" timestamp="2024-03-20T07:29:24.288Z" tests="4" failures="0" errors="0" time="0.006">
    <testcase name="response should be okay to process" time="0.006" classname="E2ERegression"/>
    <testcase name="Status code is 422" time="0.006" classname="E2ERegression"/>
    <testcase name="The response has information `Cannot update. invalid data.`" time="0.006" classname="E2ERegression"/>
  </testsuite>
  <testsuite name="NegativeCases / Delete / delete_not_exist_activity" id="0e5b9a4e-c8f7-4924-b3c1-313885863290" timestamp="2024-03-20T07:29:24.288Z" tests="2" failures="2" errors="0" time="0.006">
    <testcase name="Status code is 404" time="0.006" classname="E2ERegression">
      <failure type="AssertionFailure" message="expected 200 to deeply equal 404">
        <![CDATA[Failed 1 times.]]>
        <![CDATA[Collection JSON ID: b0c3c496-91ab-4155-8da5-21bf3a25bf0d.]]>
        <![CDATA[Collection name: e2e-regression.]]>
        <![CDATA[Request name: NegativeCases / Delete / delete_not_exist_activity.]]>
        <![CDATA[Test description: Status code is 404.]]>
        <![CDATA[Error message: expected 200 to deeply equal 404.]]>
        <![CDATA[Stacktrace: AssertionError: expected 200 to deeply equal 404
   at Object.eval sandbox-script.js:1:25).]]>
      </failure>
    </testcase>
    <testcase name="Text should contain true information" time="0.006" classname="E2ERegression">
      <failure type="AssertionFailure" message="expected 'Activity 100001 deleted' to include 'Activities not Found'">
        <![CDATA[Failed 1 times.]]>
        <![CDATA[Collection JSON ID: b0c3c496-91ab-4155-8da5-21bf3a25bf0d.]]>
        <![CDATA[Collection name: e2e-regression.]]>
        <![CDATA[Request name: NegativeCases / Delete / delete_not_exist_activity.]]>
        <![CDATA[Test description: Text should contain true information.]]>
        <![CDATA[Error message: expected 'Activity 100001 deleted' to include 'Activities not Found'.]]>
        <![CDATA[Stacktrace: AssertionError: expected 'Activity 100001 deleted' to include 'Activities not Found'
   at Object.eval sandbox-script.js:2:25).]]>
      </failure>
    </testcase>
  </testsuite>
  <testsuite name="NegativeCases / Write_off / add_time_spent_with_0" id="25446a87-98be-4de9-8442-1a0b8d04a009" timestamp="2024-03-20T07:29:24.288Z" tests="4" failures="0" errors="0" time="0.013">
    <testcase name="response should be okay to process" time="0.013" classname="E2ERegression"/>
    <testcase name="Status code is 422" time="0.013" classname="E2ERegression"/>
    <testcase name="Response has valid text `Cannot update. invalid data.`" time="0.013" classname="E2ERegression"/>
  </testsuite>
</testsuites>