<?xml version="1.0" encoding="UTF-8"?>
<testsuites name="e2e-regression" tests="26" time="0.536">
  <testsuite name="Positive-critical-path / add_activity" id="599b3cab-9bd1-454c-913c-c26ecb519cd6" timestamp="2024-03-20T07:39:17.661Z" tests="6" failures="0" errors="0" time="0.149">
    <testcase name="Status code is 200" time="0.149" classname="E2ERegression"/>
    <testcase name="Text about add new activity" time="0.149" classname="E2ERegression"/>
    <testcase name="The response has title" time="0.149" classname="E2ERegression"/>
    <testcase name="The response has content" time="0.149" classname="E2ERegression"/>
    <testcase name="The response has time" time="0.149" classname="E2ERegression"/>
    <testcase name="Reponse time is less than 200ms" time="0.149" classname="E2ERegression"/>
  </testsuite>
  <testsuite name="Positive-critical-path / slq_query_after_add" id="1adeed38-c1fd-4fee-8602-c050ecb7bc4b" timestamp="2024-03-20T07:39:17.661Z" tests="2" failures="0" errors="0" time="0.014">
    <testcase name="Response code is 200" time="0.014" classname="E2ERegression"/>
    <testcase name="Title which added, equal title in db" time="0.014" classname="E2ERegression"/>
  </testsuite>
  <testsuite name="Positive-critical-path / check_activity_added" id="15290d87-ff5d-4685-9b41-08abd168c7ad" timestamp="2024-03-20T07:39:17.661Z" tests="6" failures="2" errors="0" time="0.010">
    <testcase name="Status code is 200" time="0.010" classname="E2ERegression"/>
    <testcase name="The array key lenght should be equal 4" time="0.010" classname="E2ERegression"/>
    <testcase name="The response has id" time="0.010" classname="E2ERegression">
      <failure type="AssertionFailure" message="expected 1 to deeply equal '1'">
        <![CDATA[Failed 1 times.]]>
        <![CDATA[Collection JSON ID: b0c3c496-91ab-4155-8da5-21bf3a25bf0d.]]>
        <![CDATA[Collection name: e2e-regression.]]>
        <![CDATA[Request name: Positive-critical-path / check_activity_added.]]>
        <![CDATA[Test description: The response has id.]]>
        <![CDATA[Error message: expected 1 to deeply equal '1'.]]>
        <![CDATA[Stacktrace: AssertionError: expected 1 to deeply equal '1'
   at Object.eval sandbox-script.js:3:3).]]>
      </failure>
    </testcase>
    <testcase name="The response has title" time="0.010" classname="E2ERegression"/>
    <testcase name="The response has content" time="0.010" classname="E2ERegression"/>
    <testcase name="The response has time" time="0.010" classname="E2ERegression">
      <failure type="AssertionFailure" message="expected 350 to deeply equal '350'">
        <![CDATA[Failed 1 times.]]>
        <![CDATA[Collection JSON ID: b0c3c496-91ab-4155-8da5-21bf3a25bf0d.]]>
        <![CDATA[Collection name: e2e-regression.]]>
        <![CDATA[Request name: Positive-critical-path / check_activity_added.]]>
        <![CDATA[Test description: The response has time.]]>
        <![CDATA[Error message: expected 350 to deeply equal '350'.]]>
        <![CDATA[Stacktrace: AssertionError: expected 350 to deeply equal '350'
   at Object.eval sandbox-script.js:6:3).]]>
      </failure>
    </testcase>
  </testsuite>
  <testsuite name="Positive-critical-path / update_activity_1" id="a404f9c3-d5be-403c-bc13-fdc79f5f276a" timestamp="2024-03-20T07:39:17.661Z" tests="5" failures="2" errors="0" time="0.009">
    <testcase name="Status code is 200" time="0.009" classname="E2ERegression"/>
    <testcase name="The response has id" time="0.009" classname="E2ERegression">
      <failure type="AssertionFailure" message="expected 1 to deeply equal '1'">
        <![CDATA[Failed 1 times.]]>
        <![CDATA[Collection JSON ID: b0c3c496-91ab-4155-8da5-21bf3a25bf0d.]]>
        <![CDATA[Collection name: e2e-regression.]]>
        <![CDATA[Request name: Positive-critical-path / update_activity_1.]]>
        <![CDATA[Test description: The response has id.]]>
        <![CDATA[Error message: expected 1 to deeply equal '1'.]]>
        <![CDATA[Stacktrace: AssertionError: expected 1 to deeply equal '1'
   at Object.eval sandbox-script.js:2:4).]]>
      </failure>
    </testcase>
    <testcase name="The response has title" time="0.009" classname="E2ERegression"/>
    <testcase name="The response has content" time="0.009" classname="E2ERegression"/>
    <testcase name="The response has time" time="0.009" classname="E2ERegression">
      <failure type="AssertionFailure" message="expected 200 to deeply equal '200'">
        <![CDATA[Failed 1 times.]]>
        <![CDATA[Collection JSON ID: b0c3c496-91ab-4155-8da5-21bf3a25bf0d.]]>
        <![CDATA[Collection name: e2e-regression.]]>
        <![CDATA[Request name: Positive-critical-path / update_activity_1.]]>
        <![CDATA[Test description: The response has time.]]>
        <![CDATA[Error message: expected 200 to deeply equal '200'.]]>
        <![CDATA[Stacktrace: AssertionError: expected 200 to deeply equal '200'
   at Object.eval sandbox-script.js:5:4).]]>
      </failure>
    </testcase>
  </testsuite>
  <testsuite name="Positive-critical-path / slq_query_after_first_update" id="84cca75b-0ee2-412d-a8b4-9ecff6116893" timestamp="2024-03-20T07:39:17.661Z" tests="2" failures="0" errors="0" time="0.008">
    <testcase name="Response code is 200" time="0.008" classname="E2ERegression"/>
    <testcase name="Title which added, equal title in db" time="0.008" classname="E2ERegression"/>
  </testsuite>
  <testsuite name="Positive-critical-path / check_activity_updated" id="5892c24b-b6c6-4a41-8622-de6b90e1c1fb" timestamp="2024-03-20T07:39:17.661Z" tests="6" failures="2" errors="0" time="0.006">
    <testcase name="Status code is 200" time="0.006" classname="E2ERegression"/>
    <testcase name="The array key lenght should be equal 4" time="0.006" classname="E2ERegression"/>
    <testcase name="The response has id" time="0.006" classname="E2ERegression">
      <failure type="AssertionFailure" message="expected 1 to deeply equal '1'">
        <![CDATA[Failed 1 times.]]>
        <![CDATA[Collection JSON ID: b0c3c496-91ab-4155-8da5-21bf3a25bf0d.]]>
        <![CDATA[Collection name: e2e-regression.]]>
        <![CDATA[Request name: Positive-critical-path / check_activity_updated.]]>
        <![CDATA[Test description: The response has id.]]>
        <![CDATA[Error message: expected 1 to deeply equal '1'.]]>
        <![CDATA[Stacktrace: AssertionError: expected 1 to deeply equal '1'
   at Object.eval sandbox-script.js:3:6).]]>
      </failure>
    </testcase>
    <testcase name="The response has title" time="0.006" classname="E2ERegression"/>
    <testcase name="The response has content" time="0.006" classname="E2ERegression"/>
    <testcase name="The response has time" time="0.006" classname="E2ERegression">
      <failure type="AssertionFailure" message="expected 200 to deeply equal '200'">
        <![CDATA[Failed 1 times.]]>
        <![CDATA[Collection JSON ID: b0c3c496-91ab-4155-8da5-21bf3a25bf0d.]]>
        <![CDATA[Collection name: e2e-regression.]]>
        <![CDATA[Request name: Positive-critical-path / check_activity_updated.]]>
        <![CDATA[Test description: The response has time.]]>
        <![CDATA[Error message: expected 200 to deeply equal '200'.]]>
        <![CDATA[Stacktrace: AssertionError: expected 200 to deeply equal '200'
   at Object.eval sandbox-script.js:6:6).]]>
      </failure>
    </testcase>
  </testsuite>
  <testsuite name="Positive-critical-path / add_time_spent" id="a62f6d56-6eda-4125-bee6-0deb06c6608e" timestamp="2024-03-20T07:39:17.661Z" tests="2" failures="0" errors="0" time="0.013">
    <testcase name="Status code is 200" time="0.013" classname="E2ERegression"/>
    <testcase name="Anwser has text about time added" time="0.013" classname="E2ERegression"/>
  </testsuite>
  <testsuite name="Positive-critical-path / slq_query_after_add_time_spent" id="01528acd-39c6-47a0-ae53-bc9882167f63" timestamp="2024-03-20T07:39:17.661Z" tests="2" failures="0" errors="0" time="0.007">
    <testcase name="Response code is 200" time="0.007" classname="E2ERegression"/>
    <testcase name="Response not empty" time="0.007" classname="E2ERegression"/>
  </testsuite>
  <testsuite name="Positive-critical-path / check_time_spent_aded" id="398c5ddf-509f-4d8e-b634-253ec883a507" timestamp="2024-03-20T07:39:17.661Z" tests="4" failures="3" errors="0" time="0.008">
    <testcase name="Status code is 200" time="0.008" classname="E2ERegression"/>
    <testcase name="The response has right timespent id" time="0.008" classname="E2ERegression">
      <failure type="AssertionFailure" message="expected 1 to deeply equal '1'">
        <![CDATA[Failed 1 times.]]>
        <![CDATA[Collection JSON ID: b0c3c496-91ab-4155-8da5-21bf3a25bf0d.]]>
        <![CDATA[Collection name: e2e-regression.]]>
        <![CDATA[Request name: Positive-critical-path / check_time_spent_aded.]]>
        <![CDATA[Test description: The response has right timespent id.]]>
        <![CDATA[Error message: expected 1 to deeply equal '1'.]]>
        <![CDATA[Stacktrace: AssertionError: expected 1 to deeply equal '1'
   at Object.eval sandbox-script.js:2:9).]]>
      </failure>
    </testcase>
    <testcase name="The response has right time" time="0.008" classname="E2ERegression">
      <failure type="AssertionFailure" message="expected 181 to deeply equal '181'">
        <![CDATA[Failed 1 times.]]>
        <![CDATA[Collection JSON ID: b0c3c496-91ab-4155-8da5-21bf3a25bf0d.]]>
        <![CDATA[Collection name: e2e-regression.]]>
        <![CDATA[Request name: Positive-critical-path / check_time_spent_aded.]]>
        <![CDATA[Test description: The response has right time.]]>
        <![CDATA[Error message: expected 181 to deeply equal '181'.]]>
        <![CDATA[Stacktrace: AssertionError: expected 181 to deeply equal '181'
   at Object.eval sandbox-script.js:3:9).]]>
      </failure>
    </testcase>
    <testcase name="The response has right activity_id" time="0.008" classname="E2ERegression">
      <failure type="AssertionFailure" message="expected 1 to deeply equal '1'">
        <![CDATA[Failed 1 times.]]>
        <![CDATA[Collection JSON ID: b0c3c496-91ab-4155-8da5-21bf3a25bf0d.]]>
        <![CDATA[Collection name: e2e-regression.]]>
        <![CDATA[Request name: Positive-critical-path / check_time_spent_aded.]]>
        <![CDATA[Test description: The response has right activity_id.]]>
        <![CDATA[Error message: expected 1 to deeply equal '1'.]]>
        <![CDATA[Stacktrace: AssertionError: expected 1 to deeply equal '1'
   at Object.eval sandbox-script.js:4:9).]]>
      </failure>
    </testcase>
  </testsuite>
  <testsuite name="Positive-critical-path / update_activity_2" id="6b4ef1f5-9443-41b5-ac3b-8a93eb044ff4" timestamp="2024-03-20T07:39:17.661Z" tests="5" failures="2" errors="0" time="0.009">
    <testcase name="Status code is 200" time="0.009" classname="E2ERegression"/>
    <testcase name="The response has id" time="0.009" classname="E2ERegression">
      <failure type="AssertionFailure" message="expected 1 to deeply equal '1'">
        <![CDATA[Failed 1 times.]]>
        <![CDATA[Collection JSON ID: b0c3c496-91ab-4155-8da5-21bf3a25bf0d.]]>
        <![CDATA[Collection name: e2e-regression.]]>
        <![CDATA[Request name: Positive-critical-path / update_activity_2.]]>
        <![CDATA[Test description: The response has id.]]>
        <![CDATA[Error message: expected 1 to deeply equal '1'.]]>
        <![CDATA[Stacktrace: AssertionError: expected 1 to deeply equal '1'
   at Object.eval sandbox-script.js:2:10).]]>
      </failure>
    </testcase>
    <testcase name="The response has title" time="0.009" classname="E2ERegression"/>
    <testcase name="The response has content" time="0.009" classname="E2ERegression"/>
    <testcase name="The response has time" time="0.009" classname="E2ERegression">
      <failure type="AssertionFailure" message="expected 220 to deeply equal '220'">
        <![CDATA[Failed 1 times.]]>
        <![CDATA[Collection JSON ID: b0c3c496-91ab-4155-8da5-21bf3a25bf0d.]]>
        <![CDATA[Collection name: e2e-regression.]]>
        <![CDATA[Request name: Positive-critical-path / update_activity_2.]]>
        <![CDATA[Test description: The response has time.]]>
        <![CDATA[Error message: expected 220 to deeply equal '220'.]]>
        <![CDATA[Stacktrace: AssertionError: expected 220 to deeply equal '220'
   at Object.eval sandbox-script.js:5:10).]]>
      </failure>
    </testcase>
  </testsuite>
  <testsuite name="Positive-critical-path / check_time_spent_exist_after_update" id="02b8155f-aec6-4728-bcf0-b8fef95c7b1e" timestamp="2024-03-20T07:39:17.661Z" tests="4" failures="3" errors="0" time="0.008">
    <testcase name="Status code is 200" time="0.008" classname="E2ERegression"/>
    <testcase name="The response has right timespent id" time="0.008" classname="E2ERegression">
      <failure type="AssertionFailure" message="expected 1 to deeply equal '1'">
        <![CDATA[Failed 1 times.]]>
        <![CDATA[Collection JSON ID: b0c3c496-91ab-4155-8da5-21bf3a25bf0d.]]>
        <![CDATA[Collection name: e2e-regression.]]>
        <![CDATA[Request name: Positive-critical-path / check_time_spent_exist_after_update.]]>
        <![CDATA[Test description: The response has right timespent id.]]>
        <![CDATA[Error message: expected 1 to deeply equal '1'.]]>
        <![CDATA[Stacktrace: AssertionError: expected 1 to deeply equal '1'
   at Object.eval sandbox-script.js:2:11).]]>
      </failure>
    </testcase>
    <testcase name="The response has right time" time="0.008" classname="E2ERegression">
      <failure type="AssertionFailure" message="expected 181 to deeply equal '181'">
        <![CDATA[Failed 1 times.]]>
        <![CDATA[Collection JSON ID: b0c3c496-91ab-4155-8da5-21bf3a25bf0d.]]>
        <![CDATA[Collection name: e2e-regression.]]>
        <![CDATA[Request name: Positive-critical-path / check_time_spent_exist_after_update.]]>
        <![CDATA[Test description: The response has right time.]]>
        <![CDATA[Error message: expected 181 to deeply equal '181'.]]>
        <![CDATA[Stacktrace: AssertionError: expected 181 to deeply equal '181'
   at Object.eval sandbox-script.js:3:11).]]>
      </failure>
    </testcase>
    <testcase name="The response has right activity_id" time="0.008" classname="E2ERegression">
      <failure type="AssertionFailure" message="expected 1 to deeply equal '1'">
        <![CDATA[Failed 1 times.]]>
        <![CDATA[Collection JSON ID: b0c3c496-91ab-4155-8da5-21bf3a25bf0d.]]>
        <![CDATA[Collection name: e2e-regression.]]>
        <![CDATA[Request name: Positive-critical-path / check_time_spent_exist_after_update.]]>
        <![CDATA[Test description: The response has right activity_id.]]>
        <![CDATA[Error message: expected 1 to deeply equal '1'.]]>
        <![CDATA[Stacktrace: AssertionError: expected 1 to deeply equal '1'
   at Object.eval sandbox-script.js:4:11).]]>
      </failure>
    </testcase>
  </testsuite>
  <testsuite name="Positive-critical-path / add_time_spent_more_than_exist" id="8423cc89-6a80-40f5-8f0c-61cccf458bcd" timestamp="2024-03-20T07:39:17.661Z" tests="2" failures="0" errors="0" time="0.069">
    <testcase name="Status code is 200" time="0.069" classname="E2ERegression"/>
    <testcase name="Anwser has text about time added" time="0.069" classname="E2ERegression"/>
  </testsuite>
  <testsuite name="Positive-critical-path / Delete_activity" id="81e0363e-03b8-4f1d-8e7c-b56d4e7c55da" timestamp="2024-03-20T07:39:17.661Z" tests="2" failures="2" errors="0" time="0.008">
    <testcase name="Status code is 200" time="0.008" classname="E2ERegression">
      <failure type="AssertionFailure" message="expected 422 to deeply equal 200">
        <![CDATA[Failed 1 times.]]>
        <![CDATA[Collection JSON ID: b0c3c496-91ab-4155-8da5-21bf3a25bf0d.]]>
        <![CDATA[Collection name: e2e-regression.]]>
        <![CDATA[Request name: Positive-critical-path / Delete_activity.]]>
        <![CDATA[Test description: Status code is 200.]]>
        <![CDATA[Error message: expected 422 to deeply equal 200.]]>
        <![CDATA[Stacktrace: AssertionError: expected 422 to deeply equal 200
   at Object.eval sandbox-script.js:1:13).]]>
      </failure>
    </testcase>
    <testcase name="Text should contain true information" time="0.008" classname="E2ERegression">
      <failure type="AssertionFailure" message="expected 'Cannot update. invalid data.' to include 'Activity 1 deleted'">
        <![CDATA[Failed 1 times.]]>
        <![CDATA[Collection JSON ID: b0c3c496-91ab-4155-8da5-21bf3a25bf0d.]]>
        <![CDATA[Collection name: e2e-regression.]]>
        <![CDATA[Request name: Positive-critical-path / Delete_activity.]]>
        <![CDATA[Test description: Text should contain true information.]]>
        <![CDATA[Error message: expected 'Cannot update. invalid data.' to include 'Activity 1 deleted'.]]>
        <![CDATA[Stacktrace: AssertionError: expected 'Cannot update. invalid data.' to include 'Activity 1 deleted'
   at Object.eval sandbox-script.js:2:13).]]>
      </failure>
    </testcase>
  </testsuite>
  <testsuite name="Positive-critical-path / slq_query_after_add_delete_activity" id="27fe8d9d-6bfc-47c5-8367-c831d1dab19a" timestamp="2024-03-20T07:39:17.661Z" tests="2" failures="1" errors="0" time="0.007">
    <testcase name="Response code is 200" time="0.007" classname="E2ERegression"/>
    <testcase name="Activities deleted from db, and response is empty" time="0.007" classname="E2ERegression">
      <failure type="AssertionFailure" message="expected 56 to deeply equal 2">
        <![CDATA[Failed 1 times.]]>
        <![CDATA[Collection JSON ID: b0c3c496-91ab-4155-8da5-21bf3a25bf0d.]]>
        <![CDATA[Collection name: e2e-regression.]]>
        <![CDATA[Request name: Positive-critical-path / slq_query_after_add_delete_activity.]]>
        <![CDATA[Test description: Activities deleted from db, and response is empty.]]>
        <![CDATA[Error message: expected 56 to deeply equal 2.]]>
        <![CDATA[Stacktrace: AssertionError: expected 56 to deeply equal 2
   at Object.eval sandbox-script.js:2:14).]]>
      </failure>
    </testcase>
  </testsuite>
  <testsuite name="Positive-critical-path / check_time_spent_exist_after_delete" id="db4fc9b0-0f59-4a5d-991f-672c528288b5" timestamp="2024-03-20T07:39:17.661Z" tests="4" failures="3" errors="0" time="0.014">
    <testcase name="Status code is 200" time="0.014" classname="E2ERegression"/>
    <testcase name="The response has right timespent id" time="0.014" classname="E2ERegression">
      <failure type="AssertionFailure" message="expected 2 to deeply equal '2'">
        <![CDATA[Failed 1 times.]]>
        <![CDATA[Collection JSON ID: b0c3c496-91ab-4155-8da5-21bf3a25bf0d.]]>
        <![CDATA[Collection name: e2e-regression.]]>
        <![CDATA[Request name: Positive-critical-path / check_time_spent_exist_after_delete.]]>
        <![CDATA[Test description: The response has right timespent id.]]>
        <![CDATA[Error message: expected 2 to deeply equal '2'.]]>
        <![CDATA[Stacktrace: AssertionError: expected 2 to deeply equal '2'
   at Object.eval sandbox-script.js:2:15).]]>
      </failure>
    </testcase>
    <testcase name="The response has right time" time="0.014" classname="E2ERegression">
      <failure type="AssertionFailure" message="expected 200220 to deeply equal '200220'">
        <![CDATA[Failed 1 times.]]>
        <![CDATA[Collection JSON ID: b0c3c496-91ab-4155-8da5-21bf3a25bf0d.]]>
        <![CDATA[Collection name: e2e-regression.]]>
        <![CDATA[Request name: Positive-critical-path / check_time_spent_exist_after_delete.]]>
        <![CDATA[Test description: The response has right time.]]>
        <![CDATA[Error message: expected 200220 to deeply equal '200220'.]]>
        <![CDATA[Stacktrace: AssertionError: expected 200220 to deeply equal '200220'
   at Object.eval sandbox-script.js:3:15).]]>
      </failure>
    </testcase>
    <testcase name="The response has right activity_id" time="0.014" classname="E2ERegression">
      <failure type="AssertionFailure" message="expected 1 to deeply equal '1'">
        <![CDATA[Failed 1 times.]]>
        <![CDATA[Collection JSON ID: b0c3c496-91ab-4155-8da5-21bf3a25bf0d.]]>
        <![CDATA[Collection name: e2e-regression.]]>
        <![CDATA[Request name: Positive-critical-path / check_time_spent_exist_after_delete.]]>
        <![CDATA[Test description: The response has right activity_id.]]>
        <![CDATA[Error message: expected 1 to deeply equal '1'.]]>
        <![CDATA[Stacktrace: AssertionError: expected 1 to deeply equal '1'
   at Object.eval sandbox-script.js:4:15).]]>
      </failure>
    </testcase>
  </testsuite>
  <testsuite name="Positive-critical-path / add_time_spent_when_activity_not_exist" id="44d3bc21-a99f-4c0d-93e9-bf8aee1b17b7" timestamp="2024-03-20T07:39:17.661Z" tests="1" failures="1" errors="0" time="0.008">
    <testcase name="Status code is 404" time="0.008" classname="E2ERegression">
      <failure type="AssertionFailure" message="expected 200 to deeply equal 404">
        <![CDATA[Failed 1 times.]]>
        <![CDATA[Collection JSON ID: b0c3c496-91ab-4155-8da5-21bf3a25bf0d.]]>
        <![CDATA[Collection name: e2e-regression.]]>
        <![CDATA[Request name: Positive-critical-path / add_time_spent_when_activity_not_exist.]]>
        <![CDATA[Test description: Status code is 404.]]>
        <![CDATA[Error message: expected 200 to deeply equal 404.]]>
        <![CDATA[Stacktrace: AssertionError: expected 200 to deeply equal 404
   at Object.eval sandbox-script.js:1:16).]]>
      </failure>
    </testcase>
  </testsuite>
  <testsuite name="NegativeCases / Add / miss_one_field" id="2c4098f1-61e6-472a-8fbd-d953de0e36e8" timestamp="2024-03-20T07:39:17.661Z" tests="2" failures="0" errors="0" time="0.006">
    <testcase name="Status code is 422" time="0.006" classname="E2ERegression"/>
    <testcase name="Response text should exist information about field which missed" time="0.006" classname="E2ERegression"/>
  </testsuite>
  <testsuite name="NegativeCases / Add / miss_several_fields" id="6b71fe76-4a9b-41c8-b68c-bbea96b83870" timestamp="2024-03-20T07:39:17.661Z" tests="3" failures="1" errors="0" time="0.009">
    <testcase name="Status code is 422" time="0.009" classname="E2ERegression"/>
    <testcase name="Response text should exist information about missed title" time="0.009" classname="E2ERegression"/>
    <testcase name="Response text should exist information about missed Time" time="0.009" classname="E2ERegression">
      <failure type="AssertionFailure" message="expected 'Request body deserialize error: missi…' to include 'missing field `time`'">
        <![CDATA[Failed 1 times.]]>
        <![CDATA[Collection JSON ID: b0c3c496-91ab-4155-8da5-21bf3a25bf0d.]]>
        <![CDATA[Collection name: e2e-regression.]]>
        <![CDATA[Request name: NegativeCases / Add / miss_several_fields.]]>
        <![CDATA[Test description: Response text should exist information about missed Time.]]>
        <![CDATA[Error message: expected 'Request body deserialize error: missi…' to include 'missing field `time`'.]]>
        <![CDATA[Stacktrace: AssertionError: expected 'Request body deserialize error: missi…' to include 'missing field `time`'
   at Object.eval sandbox-script.js:3:18).]]>
      </failure>
    </testcase>
  </testsuite>
  <testsuite name="NegativeCases / Add / wrong_data_type" id="2aa93a69-30fa-49f7-ae2c-afdb0d93c055" timestamp="2024-03-20T07:39:17.661Z" tests="2" failures="0" errors="0" time="0.006">
    <testcase name="Status code is 422" time="0.006" classname="E2ERegression"/>
    <testcase name="Response text should exist information about invalid type" time="0.006" classname="E2ERegression"/>
  </testsuite>
  <testsuite name="NegativeCases / Add / body_type_text" id="e9939fd8-e1fd-4cd2-81cd-43a1384e4970" timestamp="2024-03-20T07:39:17.661Z" tests="1" failures="1" errors="0" time="0.125">
    <testcase name="Status code is 422" time="0.125" classname="E2ERegression">
      <failure type="AssertionFailure" message="expected 404 to deeply equal 422">
        <![CDATA[Failed 1 times.]]>
        <![CDATA[Collection JSON ID: b0c3c496-91ab-4155-8da5-21bf3a25bf0d.]]>
        <![CDATA[Collection name: e2e-regression.]]>
        <![CDATA[Request name: NegativeCases / Add / body_type_text.]]>
        <![CDATA[Test description: Status code is 422.]]>
        <![CDATA[Error message: expected 404 to deeply equal 422.]]>
        <![CDATA[Stacktrace: AssertionError: expected 404 to deeply equal 422
   at Object.eval sandbox-script.js:1:20).]]>
      </failure>
    </testcase>
  </testsuite>
  <testsuite name="NegativeCases / Add / miss_body" id="3744ac20-8c6f-4a26-a3ca-47c8674bc581" timestamp="2024-03-20T07:39:17.661Z" tests="2" failures="0" errors="0" time="0.006">
    <testcase name="Status code is 422" time="0.006" classname="E2ERegression"/>
    <testcase name="Response text should exist information about missed body" time="0.006" classname="E2ERegression"/>
  </testsuite>
  <testsuite name="NegativeCases / Edit / update_activity_with_empty_value" id="9268162d-7d4a-4bac-adf0-c03462dc7f7e" timestamp="2024-03-20T07:39:17.661Z" tests="4" failures="0" errors="0" time="0.011">
    <testcase name="response should be okay to process" time="0.011" classname="E2ERegression"/>
    <testcase name="Status code is 422" time="0.011" classname="E2ERegression"/>
    <testcase name="The response has text about missing time" time="0.011" classname="E2ERegression"/>
  </testsuite>
  <testsuite name="NegativeCases / Edit / update_activity_with_incorect_data_type" id="c587b191-b1cb-4d67-ba19-7cc3c3fff717" timestamp="2024-03-20T07:39:17.661Z" tests="4" failures="0" errors="0" time="0.008">
    <testcase name="response should be okay to process" time="0.008" classname="E2ERegression"/>
    <testcase name="Status code is 422" time="0.008" classname="E2ERegression"/>
    <testcase name="The response has text about invalid type" time="0.008" classname="E2ERegression"/>
  </testsuite>
  <testsuite name="NegativeCases / Edit / update_activity_add_not_exist_field" id="11353369-f78d-4c96-890b-e3e2d5eda16e" timestamp="2024-03-20T07:39:17.661Z" tests="4" failures="0" errors="0" time="0.006">
    <testcase name="response should be okay to process" time="0.006" classname="E2ERegression"/>
    <testcase name="Status code is 422" time="0.006" classname="E2ERegression"/>
    <testcase name="The response has information `Cannot update. invalid data.`" time="0.006" classname="E2ERegression"/>
  </testsuite>
  <testsuite name="NegativeCases / Delete / delete_not_exist_activity" id="b6afc407-168a-4570-a7a1-91d6b3ce3270" timestamp="2024-03-20T07:39:17.661Z" tests="2" failures="2" errors="0" time="0.006">
    <testcase name="Status code is 404" time="0.006" classname="E2ERegression">
      <failure type="AssertionFailure" message="expected 200 to deeply equal 404">
        <![CDATA[Failed 1 times.]]>
        <![CDATA[Collection JSON ID: b0c3c496-91ab-4155-8da5-21bf3a25bf0d.]]>
        <![CDATA[Collection name: e2e-regression.]]>
        <![CDATA[Request name: NegativeCases / Delete / delete_not_exist_activity.]]>
        <![CDATA[Test description: Status code is 404.]]>
        <![CDATA[Error message: expected 200 to deeply equal 404.]]>
        <![CDATA[Stacktrace: AssertionError: expected 200 to deeply equal 404
   at Object.eval sandbox-script.js:1:25).]]>
      </failure>
    </testcase>
    <testcase name="Text should contain true information" time="0.006" classname="E2ERegression">
      <failure type="AssertionFailure" message="expected 'Activity 100001 deleted' to include 'Activities not Found'">
        <![CDATA[Failed 1 times.]]>
        <![CDATA[Collection JSON ID: b0c3c496-91ab-4155-8da5-21bf3a25bf0d.]]>
        <![CDATA[Collection name: e2e-regression.]]>
        <![CDATA[Request name: NegativeCases / Delete / delete_not_exist_activity.]]>
        <![CDATA[Test description: Text should contain true information.]]>
        <![CDATA[Error message: expected 'Activity 100001 deleted' to include 'Activities not Found'.]]>
        <![CDATA[Stacktrace: AssertionError: expected 'Activity 100001 deleted' to include 'Activities not Found'
   at Object.eval sandbox-script.js:2:25).]]>
      </failure>
    </testcase>
  </testsuite>
  <testsuite name="NegativeCases / Write_off / add_time_spent_with_0" id="164e2a72-d1fb-475b-b8b2-ba4998a2fa2d" timestamp="2024-03-20T07:39:17.661Z" tests="4" failures="0" errors="0" time="0.006">
    <testcase name="response should be okay to process" time="0.006" classname="E2ERegression"/>
    <testcase name="Status code is 422" time="0.006" classname="E2ERegression"/>
    <testcase name="Response has valid text `Cannot update. invalid data.`" time="0.006" classname="E2ERegression"/>
  </testsuite>
</testsuites>