<?xml version="1.0" encoding="UTF-8"?>
<testsuites name="e2e-regression" tests="26" time="0.347">
  <testsuite name="Positive-critical-path / add_activity" id="ce03f091-deab-411e-b3b4-44748a9f7549" timestamp="2024-03-20T07:31:17.672Z" tests="6" failures="0" errors="0" time="0.148">
    <testcase name="Status code is 200" time="0.148" classname="E2ERegression"/>
    <testcase name="Text about add new activity" time="0.148" classname="E2ERegression"/>
    <testcase name="The response has title" time="0.148" classname="E2ERegression"/>
    <testcase name="The response has content" time="0.148" classname="E2ERegression"/>
    <testcase name="The response has time" time="0.148" classname="E2ERegression"/>
    <testcase name="Reponse time is less than 200ms" time="0.148" classname="E2ERegression"/>
  </testsuite>
  <testsuite name="Positive-critical-path / slq_query_after_add" id="3dc42d70-6232-4cee-b790-acdff32f2f54" timestamp="2024-03-20T07:31:17.672Z" tests="2" failures="2" errors="0" time="0.012">
    <testcase name="Response code is 200" time="0.012" classname="E2ERegression">
      <failure type="AssertionFailure" message="expected 404 to deeply equal 200">
        <![CDATA[Failed 1 times.]]>
        <![CDATA[Collection JSON ID: b0c3c496-91ab-4155-8da5-21bf3a25bf0d.]]>
        <![CDATA[Collection name: e2e-regression.]]>
        <![CDATA[Request name: Positive-critical-path / slq_query_after_add.]]>
        <![CDATA[Test description: Response code is 200.]]>
        <![CDATA[Error message: expected 404 to deeply equal 200.]]>
        <![CDATA[Stacktrace: AssertionError: expected 404 to deeply equal 200
   at Object.eval sandbox-script.js:1:2).]]>
      </failure>
    </testcase>
    <testcase name="Title which added, equal title in db" time="0.012" classname="E2ERegression">
      <failure type="AssertionFailure" message="expected 'Route not found' to include 'NCQ@x@G8!;gElNXxclNARYTN'">
        <![CDATA[Failed 1 times.]]>
        <![CDATA[Collection JSON ID: b0c3c496-91ab-4155-8da5-21bf3a25bf0d.]]>
        <![CDATA[Collection name: e2e-regression.]]>
        <![CDATA[Request name: Positive-critical-path / slq_query_after_add.]]>
        <![CDATA[Test description: Title which added, equal title in db.]]>
        <![CDATA[Error message: expected 'Route not found' to include 'NCQ@x@G8!;gElNXxclNARYTN'.]]>
        <![CDATA[Stacktrace: AssertionError: expected 'Route not found' to include 'NCQ@x@G8!;gElNXxclNARYTN'
   at Object.eval sandbox-script.js:2:2).]]>
      </failure>
    </testcase>
  </testsuite>
  <testsuite name="Positive-critical-path / check_activity_added" id="e68c6a37-7904-4f55-a661-44908e3b3d0f" timestamp="2024-03-20T07:31:17.672Z" tests="6" failures="4" errors="0" time="0.010">
    <testcase name="Status code is 200" time="0.010" classname="E2ERegression"/>
    <testcase name="The array key lenght should be equal 4" time="0.010" classname="E2ERegression"/>
    <testcase name="The response has id" time="0.010" classname="E2ERegression">
      <failure type="AssertionFailure" message="expected 1 to deeply equal '1'">
        <![CDATA[Failed 1 times.]]>
        <![CDATA[Collection JSON ID: b0c3c496-91ab-4155-8da5-21bf3a25bf0d.]]>
        <![CDATA[Collection name: e2e-regression.]]>
        <![CDATA[Request name: Positive-critical-path / check_activity_added.]]>
        <![CDATA[Test description: The response has id.]]>
        <![CDATA[Error message: expected 1 to deeply equal '1'.]]>
        <![CDATA[Stacktrace: AssertionError: expected 1 to deeply equal '1'
   at Object.eval sandbox-script.js:3:3).]]>
      </failure>
    </testcase>
    <testcase name="The response has title" time="0.010" classname="E2ERegression">
      <failure type="AssertionFailure" message="expected '9DD5XcIbXAAez)AYT23EO&amp;%UVc&amp;qLHDHO;qCO…' to deeply equal 'NCQ@x@G8!;gElNXxclNARYTN'">
        <![CDATA[Failed 1 times.]]>
        <![CDATA[Collection JSON ID: b0c3c496-91ab-4155-8da5-21bf3a25bf0d.]]>
        <![CDATA[Collection name: e2e-regression.]]>
        <![CDATA[Request name: Positive-critical-path / check_activity_added.]]>
        <![CDATA[Test description: The response has title.]]>
        <![CDATA[Error message: expected '9DD5XcIbXAAez)AYT23EO&%UVc&qLHDHO;qCO…' to deeply equal 'NCQ@x@G8!;gElNXxclNARYTN'.]]>
        <![CDATA[Stacktrace: AssertionError: expected '9DD5XcIbXAAez)AYT23EO&%UVc&qLHDHO;qCO…' to deeply equal 'NCQ@x@G8!;gElNXxclNARYTN'
   at Object.eval sandbox-script.js:4:3).]]>
      </failure>
    </testcase>
    <testcase name="The response has content" time="0.010" classname="E2ERegression">
      <failure type="AssertionFailure" message="expected 'Jhxuyk#v!V&amp;zylZ)WMjOR0YFleU@;bNuS8gLV…' to deeply equal 'IkAUF$#mB*G&amp;5wjtc%V);T6hJK4)SUw\'eylg…'">
        <![CDATA[Failed 1 times.]]>
        <![CDATA[Collection JSON ID: b0c3c496-91ab-4155-8da5-21bf3a25bf0d.]]>
        <![CDATA[Collection name: e2e-regression.]]>
        <![CDATA[Request name: Positive-critical-path / check_activity_added.]]>
        <![CDATA[Test description: The response has content.]]>
        <![CDATA[Error message: expected 'Jhxuyk#v!V&zylZ)WMjOR0YFleU@;bNuS8gLV…' to deeply equal 'IkAUF$#mB*G&5wjtc%V);T6hJK4)SUw\'eylg…'.]]>
        <![CDATA[Stacktrace: AssertionError: expected 'Jhxuyk#v!V&zylZ)WMjOR0YFleU@;bNuS8gLV…' to deeply equal 'IkAUF$#mB*G&5wjtc%V);T6hJK4)SUw\'eylg…'
   at Object.eval sandbox-script.js:5:3).]]>
      </failure>
    </testcase>
    <testcase name="The response has time" time="0.010" classname="E2ERegression">
      <failure type="AssertionFailure" message="expected 323 to deeply equal '157'">
        <![CDATA[Failed 1 times.]]>
        <![CDATA[Collection JSON ID: b0c3c496-91ab-4155-8da5-21bf3a25bf0d.]]>
        <![CDATA[Collection name: e2e-regression.]]>
        <![CDATA[Request name: Positive-critical-path / check_activity_added.]]>
        <![CDATA[Test description: The response has time.]]>
        <![CDATA[Error message: expected 323 to deeply equal '157'.]]>
        <![CDATA[Stacktrace: AssertionError: expected 323 to deeply equal '157'
   at Object.eval sandbox-script.js:6:3).]]>
      </failure>
    </testcase>
  </testsuite>
  <testsuite name="Positive-critical-path / update_activity_1" id="13a00704-d506-4e5c-85a8-bf34f3a0c2c9" timestamp="2024-03-20T07:31:17.672Z" tests="5" failures="2" errors="0" time="0.010">
    <testcase name="Status code is 200" time="0.010" classname="E2ERegression"/>
    <testcase name="The response has id" time="0.010" classname="E2ERegression">
      <failure type="AssertionFailure" message="expected 1 to deeply equal '1'">
        <![CDATA[Failed 1 times.]]>
        <![CDATA[Collection JSON ID: b0c3c496-91ab-4155-8da5-21bf3a25bf0d.]]>
        <![CDATA[Collection name: e2e-regression.]]>
        <![CDATA[Request name: Positive-critical-path / update_activity_1.]]>
        <![CDATA[Test description: The response has id.]]>
        <![CDATA[Error message: expected 1 to deeply equal '1'.]]>
        <![CDATA[Stacktrace: AssertionError: expected 1 to deeply equal '1'
   at Object.eval sandbox-script.js:2:4).]]>
      </failure>
    </testcase>
    <testcase name="The response has title" time="0.010" classname="E2ERegression"/>
    <testcase name="The response has content" time="0.010" classname="E2ERegression"/>
    <testcase name="The response has time" time="0.010" classname="E2ERegression">
      <failure type="AssertionFailure" message="expected 505 to deeply equal '505'">
        <![CDATA[Failed 1 times.]]>
        <![CDATA[Collection JSON ID: b0c3c496-91ab-4155-8da5-21bf3a25bf0d.]]>
        <![CDATA[Collection name: e2e-regression.]]>
        <![CDATA[Request name: Positive-critical-path / update_activity_1.]]>
        <![CDATA[Test description: The response has time.]]>
        <![CDATA[Error message: expected 505 to deeply equal '505'.]]>
        <![CDATA[Stacktrace: AssertionError: expected 505 to deeply equal '505'
   at Object.eval sandbox-script.js:5:4).]]>
      </failure>
    </testcase>
  </testsuite>
  <testsuite name="Positive-critical-path / slq_query_after_first_update" id="5976d44a-b108-45e1-8efb-400225a8a01d" timestamp="2024-03-20T07:31:17.672Z" tests="2" failures="2" errors="0" time="0.007">
    <testcase name="Response code is 200" time="0.007" classname="E2ERegression">
      <failure type="AssertionFailure" message="expected 404 to deeply equal 200">
        <![CDATA[Failed 1 times.]]>
        <![CDATA[Collection JSON ID: b0c3c496-91ab-4155-8da5-21bf3a25bf0d.]]>
        <![CDATA[Collection name: e2e-regression.]]>
        <![CDATA[Request name: Positive-critical-path / slq_query_after_first_update.]]>
        <![CDATA[Test description: Response code is 200.]]>
        <![CDATA[Error message: expected 404 to deeply equal 200.]]>
        <![CDATA[Stacktrace: AssertionError: expected 404 to deeply equal 200
   at Object.eval sandbox-script.js:1:5).]]>
      </failure>
    </testcase>
    <testcase name="Title which added, equal title in db" time="0.007" classname="E2ERegression">
      <failure type="AssertionFailure" message="expected 'Route not found' to include 'qYvZEeqcvw;^VE)UX2'">
        <![CDATA[Failed 1 times.]]>
        <![CDATA[Collection JSON ID: b0c3c496-91ab-4155-8da5-21bf3a25bf0d.]]>
        <![CDATA[Collection name: e2e-regression.]]>
        <![CDATA[Request name: Positive-critical-path / slq_query_after_first_update.]]>
        <![CDATA[Test description: Title which added, equal title in db.]]>
        <![CDATA[Error message: expected 'Route not found' to include 'qYvZEeqcvw;^VE)UX2'.]]>
        <![CDATA[Stacktrace: AssertionError: expected 'Route not found' to include 'qYvZEeqcvw;^VE)UX2'
   at Object.eval sandbox-script.js:2:5).]]>
      </failure>
    </testcase>
  </testsuite>
  <testsuite name="Positive-critical-path / check_activity_updated" id="d3c79b0c-89ff-4429-ba7b-8e1fec4e1aac" timestamp="2024-03-20T07:31:17.672Z" tests="6" failures="4" errors="0" time="0.008">
    <testcase name="Status code is 200" time="0.008" classname="E2ERegression"/>
    <testcase name="The array key lenght should be equal 4" time="0.008" classname="E2ERegression"/>
    <testcase name="The response has id" time="0.008" classname="E2ERegression">
      <failure type="AssertionFailure" message="expected 2 to deeply equal '1'">
        <![CDATA[Failed 1 times.]]>
        <![CDATA[Collection JSON ID: b0c3c496-91ab-4155-8da5-21bf3a25bf0d.]]>
        <![CDATA[Collection name: e2e-regression.]]>
        <![CDATA[Request name: Positive-critical-path / check_activity_updated.]]>
        <![CDATA[Test description: The response has id.]]>
        <![CDATA[Error message: expected 2 to deeply equal '1'.]]>
        <![CDATA[Stacktrace: AssertionError: expected 2 to deeply equal '1'
   at Object.eval sandbox-script.js:3:6).]]>
      </failure>
    </testcase>
    <testcase name="The response has title" time="0.008" classname="E2ERegression">
      <failure type="AssertionFailure" message="expected 'K2jhn!^ZSlM%1mkLs)CT1$j6a6EVE#XEGB;nk…' to deeply equal 'qYvZEeqcvw;^VE)UX2'">
        <![CDATA[Failed 1 times.]]>
        <![CDATA[Collection JSON ID: b0c3c496-91ab-4155-8da5-21bf3a25bf0d.]]>
        <![CDATA[Collection name: e2e-regression.]]>
        <![CDATA[Request name: Positive-critical-path / check_activity_updated.]]>
        <![CDATA[Test description: The response has title.]]>
        <![CDATA[Error message: expected 'K2jhn!^ZSlM%1mkLs)CT1$j6a6EVE#XEGB;nk…' to deeply equal 'qYvZEeqcvw;^VE)UX2'.]]>
        <![CDATA[Stacktrace: AssertionError: expected 'K2jhn!^ZSlM%1mkLs)CT1$j6a6EVE#XEGB;nk…' to deeply equal 'qYvZEeqcvw;^VE)UX2'
   at Object.eval sandbox-script.js:4:6).]]>
      </failure>
    </testcase>
    <testcase name="The response has content" time="0.008" classname="E2ERegression">
      <failure type="AssertionFailure" message="expected 'vWdS9p9nIjANcLUTmLxshrln4F0YoWZo@cNLp…' to deeply equal '4EKAnBvxgMTJN;)0HRFL3@ZQL&amp;gcP11wzsbLc…'">
        <![CDATA[Failed 1 times.]]>
        <![CDATA[Collection JSON ID: b0c3c496-91ab-4155-8da5-21bf3a25bf0d.]]>
        <![CDATA[Collection name: e2e-regression.]]>
        <![CDATA[Request name: Positive-critical-path / check_activity_updated.]]>
        <![CDATA[Test description: The response has content.]]>
        <![CDATA[Error message: expected 'vWdS9p9nIjANcLUTmLxshrln4F0YoWZo@cNLp…' to deeply equal '4EKAnBvxgMTJN;)0HRFL3@ZQL&gcP11wzsbLc…'.]]>
        <![CDATA[Stacktrace: AssertionError: expected 'vWdS9p9nIjANcLUTmLxshrln4F0YoWZo@cNLp…' to deeply equal '4EKAnBvxgMTJN;)0HRFL3@ZQL&gcP11wzsbLc…'
   at Object.eval sandbox-script.js:5:6).]]>
      </failure>
    </testcase>
    <testcase name="The response has time" time="0.008" classname="E2ERegression">
      <failure type="AssertionFailure" message="expected 105 to deeply equal '505'">
        <![CDATA[Failed 1 times.]]>
        <![CDATA[Collection JSON ID: b0c3c496-91ab-4155-8da5-21bf3a25bf0d.]]>
        <![CDATA[Collection name: e2e-regression.]]>
        <![CDATA[Request name: Positive-critical-path / check_activity_updated.]]>
        <![CDATA[Test description: The response has time.]]>
        <![CDATA[Error message: expected 105 to deeply equal '505'.]]>
        <![CDATA[Stacktrace: AssertionError: expected 105 to deeply equal '505'
   at Object.eval sandbox-script.js:6:6).]]>
      </failure>
    </testcase>
  </testsuite>
  <testsuite name="Positive-critical-path / add_time_spent" id="e54233d9-62af-4854-84da-d790891ebb58" timestamp="2024-03-20T07:31:17.672Z" tests="2" failures="0" errors="0" time="0.010">
    <testcase name="Status code is 200" time="0.010" classname="E2ERegression"/>
    <testcase name="Anwser has text about time added" time="0.010" classname="E2ERegression"/>
  </testsuite>
  <testsuite name="Positive-critical-path / slq_query_after_add_time_spent" id="06a426fe-6d0c-464e-a727-fe19084ef4f2" timestamp="2024-03-20T07:31:17.672Z" tests="2" failures="1" errors="0" time="0.007">
    <testcase name="Response code is 200" time="0.007" classname="E2ERegression">
      <failure type="AssertionFailure" message="expected 404 to deeply equal 200">
        <![CDATA[Failed 1 times.]]>
        <![CDATA[Collection JSON ID: b0c3c496-91ab-4155-8da5-21bf3a25bf0d.]]>
        <![CDATA[Collection name: e2e-regression.]]>
        <![CDATA[Request name: Positive-critical-path / slq_query_after_add_time_spent.]]>
        <![CDATA[Test description: Response code is 200.]]>
        <![CDATA[Error message: expected 404 to deeply equal 200.]]>
        <![CDATA[Stacktrace: AssertionError: expected 404 to deeply equal 200
   at Object.eval sandbox-script.js:1:8).]]>
      </failure>
    </testcase>
    <testcase name="Response not empty" time="0.007" classname="E2ERegression"/>
  </testsuite>
  <testsuite name="Positive-critical-path / check_time_spent_aded" id="5e68b961-5efb-4333-b5c6-db1ca1a0dfdd" timestamp="2024-03-20T07:31:17.672Z" tests="0" failures="0" errors="1" time="0.008">
    <system-err><![CDATA[Iteration: 0

---
testScriptError: Unexpected token 'C' at 1:1
Cannot update. invalid data.
^
---
]]></system-err>
  </testsuite>
  <testsuite name="Positive-critical-path / update_activity_2" id="c4a06002-34de-4416-ad72-b879a88f53c0" timestamp="2024-03-20T07:31:17.672Z" tests="5" failures="2" errors="0" time="0.008">
    <testcase name="Status code is 200" time="0.008" classname="E2ERegression"/>
    <testcase name="The response has id" time="0.008" classname="E2ERegression">
      <failure type="AssertionFailure" message="expected 1 to deeply equal '1'">
        <![CDATA[Failed 1 times.]]>
        <![CDATA[Collection JSON ID: b0c3c496-91ab-4155-8da5-21bf3a25bf0d.]]>
        <![CDATA[Collection name: e2e-regression.]]>
        <![CDATA[Request name: Positive-critical-path / update_activity_2.]]>
        <![CDATA[Test description: The response has id.]]>
        <![CDATA[Error message: expected 1 to deeply equal '1'.]]>
        <![CDATA[Stacktrace: AssertionError: expected 1 to deeply equal '1'
   at Object.eval sandbox-script.js:2:10).]]>
      </failure>
    </testcase>
    <testcase name="The response has title" time="0.008" classname="E2ERegression"/>
    <testcase name="The response has content" time="0.008" classname="E2ERegression"/>
    <testcase name="The response has time" time="0.008" classname="E2ERegression">
      <failure type="AssertionFailure" message="expected 94 to deeply equal '94'">
        <![CDATA[Failed 1 times.]]>
        <![CDATA[Collection JSON ID: b0c3c496-91ab-4155-8da5-21bf3a25bf0d.]]>
        <![CDATA[Collection name: e2e-regression.]]>
        <![CDATA[Request name: Positive-critical-path / update_activity_2.]]>
        <![CDATA[Test description: The response has time.]]>
        <![CDATA[Error message: expected 94 to deeply equal '94'.]]>
        <![CDATA[Stacktrace: AssertionError: expected 94 to deeply equal '94'
   at Object.eval sandbox-script.js:5:10).]]>
      </failure>
    </testcase>
  </testsuite>
  <testsuite name="Positive-critical-path / check_time_spent_exist_after_update" id="55c566e8-df25-477f-9297-40b0127cb452" timestamp="2024-03-20T07:31:17.672Z" tests="0" failures="0" errors="1" time="0.008">
    <system-err><![CDATA[Iteration: 0

---
testScriptError: Unexpected token 'C' at 1:1
Cannot update. invalid data.
^
---
]]></system-err>
  </testsuite>
  <testsuite name="Positive-critical-path / add_time_spent_more_than_exist" id="590d54ca-b4fe-437a-8d03-9f266aabb55d" timestamp="2024-03-20T07:31:17.672Z" tests="2" failures="0" errors="0" time="0.008">
    <testcase name="Status code is 200" time="0.008" classname="E2ERegression"/>
    <testcase name="Anwser has text about time added" time="0.008" classname="E2ERegression"/>
  </testsuite>
  <testsuite name="Positive-critical-path / Delete_activity" id="c95e4771-dece-47fe-92ce-ed1b8c63d347" timestamp="2024-03-20T07:31:17.672Z" tests="2" failures="2" errors="0" time="0.011">
    <testcase name="Status code is 200" time="0.011" classname="E2ERegression">
      <failure type="AssertionFailure" message="expected 422 to deeply equal 200">
        <![CDATA[Failed 1 times.]]>
        <![CDATA[Collection JSON ID: b0c3c496-91ab-4155-8da5-21bf3a25bf0d.]]>
        <![CDATA[Collection name: e2e-regression.]]>
        <![CDATA[Request name: Positive-critical-path / Delete_activity.]]>
        <![CDATA[Test description: Status code is 200.]]>
        <![CDATA[Error message: expected 422 to deeply equal 200.]]>
        <![CDATA[Stacktrace: AssertionError: expected 422 to deeply equal 200
   at Object.eval sandbox-script.js:1:13).]]>
      </failure>
    </testcase>
    <testcase name="Text should contain true information" time="0.011" classname="E2ERegression">
      <failure type="AssertionFailure" message="expected 'Cannot update. invalid data.' to include 'Activity 1 deleted'">
        <![CDATA[Failed 1 times.]]>
        <![CDATA[Collection JSON ID: b0c3c496-91ab-4155-8da5-21bf3a25bf0d.]]>
        <![CDATA[Collection name: e2e-regression.]]>
        <![CDATA[Request name: Positive-critical-path / Delete_activity.]]>
        <![CDATA[Test description: Text should contain true information.]]>
        <![CDATA[Error message: expected 'Cannot update. invalid data.' to include 'Activity 1 deleted'.]]>
        <![CDATA[Stacktrace: AssertionError: expected 'Cannot update. invalid data.' to include 'Activity 1 deleted'
   at Object.eval sandbox-script.js:2:13).]]>
      </failure>
    </testcase>
  </testsuite>
  <testsuite name="Positive-critical-path / slq_query_after_add_delete_activity" id="32ebc69b-17f6-44a9-91b7-dd402f03a3a3" timestamp="2024-03-20T07:31:17.672Z" tests="2" failures="2" errors="0" time="0.006">
    <testcase name="Response code is 200" time="0.006" classname="E2ERegression">
      <failure type="AssertionFailure" message="expected 404 to deeply equal 200">
        <![CDATA[Failed 1 times.]]>
        <![CDATA[Collection JSON ID: b0c3c496-91ab-4155-8da5-21bf3a25bf0d.]]>
        <![CDATA[Collection name: e2e-regression.]]>
        <![CDATA[Request name: Positive-critical-path / slq_query_after_add_delete_activity.]]>
        <![CDATA[Test description: Response code is 200.]]>
        <![CDATA[Error message: expected 404 to deeply equal 200.]]>
        <![CDATA[Stacktrace: AssertionError: expected 404 to deeply equal 200
   at Object.eval sandbox-script.js:1:14).]]>
      </failure>
    </testcase>
    <testcase name="Activities deleted from db, and response is empty" time="0.006" classname="E2ERegression">
      <failure type="AssertionFailure" message="expected 15 to deeply equal 2">
        <![CDATA[Failed 1 times.]]>
        <![CDATA[Collection JSON ID: b0c3c496-91ab-4155-8da5-21bf3a25bf0d.]]>
        <![CDATA[Collection name: e2e-regression.]]>
        <![CDATA[Request name: Positive-critical-path / slq_query_after_add_delete_activity.]]>
        <![CDATA[Test description: Activities deleted from db, and response is empty.]]>
        <![CDATA[Error message: expected 15 to deeply equal 2.]]>
        <![CDATA[Stacktrace: AssertionError: expected 15 to deeply equal 2
   at Object.eval sandbox-script.js:2:14).]]>
      </failure>
    </testcase>
  </testsuite>
  <testsuite name="Positive-critical-path / check_time_spent_exist_after_delete" id="78f29627-1b56-484c-bcdf-f3e3df9a263b" timestamp="2024-03-20T07:31:17.672Z" tests="0" failures="0" errors="1" time="0.012">
    <system-err><![CDATA[Iteration: 0

---
testScriptError: Unexpected token 'C' at 1:1
Cannot update. invalid data.
^
---
]]></system-err>
  </testsuite>
  <testsuite name="Positive-critical-path / add_time_spent_when_activity_not_exist" id="dac71b72-b3b8-48c6-b600-f01dc2cfc6f7" timestamp="2024-03-20T07:31:17.672Z" tests="1" failures="1" errors="0" time="0.009">
    <testcase name="Status code is 404" time="0.009" classname="E2ERegression">
      <failure type="AssertionFailure" message="expected 200 to deeply equal 404">
        <![CDATA[Failed 1 times.]]>
        <![CDATA[Collection JSON ID: b0c3c496-91ab-4155-8da5-21bf3a25bf0d.]]>
        <![CDATA[Collection name: e2e-regression.]]>
        <![CDATA[Request name: Positive-critical-path / add_time_spent_when_activity_not_exist.]]>
        <![CDATA[Test description: Status code is 404.]]>
        <![CDATA[Error message: expected 200 to deeply equal 404.]]>
        <![CDATA[Stacktrace: AssertionError: expected 200 to deeply equal 404
   at Object.eval sandbox-script.js:1:16).]]>
      </failure>
    </testcase>
  </testsuite>
  <testsuite name="NegativeCases / Add / miss_one_field" id="0ae35541-309d-4458-937d-8db91153eed6" timestamp="2024-03-20T07:31:17.672Z" tests="2" failures="0" errors="0" time="0.006">
    <testcase name="Status code is 422" time="0.006" classname="E2ERegression"/>
    <testcase name="Response text should exist information about field which missed" time="0.006" classname="E2ERegression"/>
  </testsuite>
  <testsuite name="NegativeCases / Add / miss_several_fields" id="02264567-efed-4708-98c7-a127ab32b0b4" timestamp="2024-03-20T07:31:17.672Z" tests="3" failures="1" errors="0" time="0.006">
    <testcase name="Status code is 422" time="0.006" classname="E2ERegression"/>
    <testcase name="Response text should exist information about missed title" time="0.006" classname="E2ERegression"/>
    <testcase name="Response text should exist information about missed Time" time="0.006" classname="E2ERegression">
      <failure type="AssertionFailure" message="expected 'Request body deserialize error: missi…' to include 'missing field `time`'">
        <![CDATA[Failed 1 times.]]>
        <![CDATA[Collection JSON ID: b0c3c496-91ab-4155-8da5-21bf3a25bf0d.]]>
        <![CDATA[Collection name: e2e-regression.]]>
        <![CDATA[Request name: NegativeCases / Add / miss_several_fields.]]>
        <![CDATA[Test description: Response text should exist information about missed Time.]]>
        <![CDATA[Error message: expected 'Request body deserialize error: missi…' to include 'missing field `time`'.]]>
        <![CDATA[Stacktrace: AssertionError: expected 'Request body deserialize error: missi…' to include 'missing field `time`'
   at Object.eval sandbox-script.js:3:18).]]>
      </failure>
    </testcase>
  </testsuite>
  <testsuite name="NegativeCases / Add / wrong_data_type" id="a59cc4b0-3a77-4e8d-9285-97526c705251" timestamp="2024-03-20T07:31:17.672Z" tests="2" failures="0" errors="0" time="0.006">
    <testcase name="Status code is 422" time="0.006" classname="E2ERegression"/>
    <testcase name="Response text should exist information about invalid type" time="0.006" classname="E2ERegression"/>
  </testsuite>
  <testsuite name="NegativeCases / Add / body_type_text" id="856ce305-6b5a-4b29-a847-8c9b0ad110df" timestamp="2024-03-20T07:31:17.672Z" tests="1" failures="1" errors="0" time="0.005">
    <testcase name="Status code is 422" time="0.005" classname="E2ERegression">
      <failure type="AssertionFailure" message="expected 404 to deeply equal 422">
        <![CDATA[Failed 1 times.]]>
        <![CDATA[Collection JSON ID: b0c3c496-91ab-4155-8da5-21bf3a25bf0d.]]>
        <![CDATA[Collection name: e2e-regression.]]>
        <![CDATA[Request name: NegativeCases / Add / body_type_text.]]>
        <![CDATA[Test description: Status code is 422.]]>
        <![CDATA[Error message: expected 404 to deeply equal 422.]]>
        <![CDATA[Stacktrace: AssertionError: expected 404 to deeply equal 422
   at Object.eval sandbox-script.js:1:20).]]>
      </failure>
    </testcase>
  </testsuite>
  <testsuite name="NegativeCases / Add / miss_body" id="d6cee757-9f2e-4d91-aaa7-7449d5219d79" timestamp="2024-03-20T07:31:17.672Z" tests="2" failures="0" errors="0" time="0.004">
    <testcase name="Status code is 422" time="0.004" classname="E2ERegression"/>
    <testcase name="Response text should exist information about missed body" time="0.004" classname="E2ERegression"/>
  </testsuite>
  <testsuite name="NegativeCases / Edit / update_activity_with_empty_value" id="2f9f02e7-f88e-4284-b12f-1a669cfd287d" timestamp="2024-03-20T07:31:17.672Z" tests="4" failures="0" errors="0" time="0.006">
    <testcase name="response should be okay to process" time="0.006" classname="E2ERegression"/>
    <testcase name="Status code is 422" time="0.006" classname="E2ERegression"/>
    <testcase name="The response has text about missing time" time="0.006" classname="E2ERegression"/>
  </testsuite>
  <testsuite name="NegativeCases / Edit / update_activity_with_incorect_data_type" id="180f6ce4-3827-4a60-9729-4a8f496ac607" timestamp="2024-03-20T07:31:17.672Z" tests="4" failures="0" errors="0" time="0.008">
    <testcase name="response should be okay to process" time="0.008" classname="E2ERegression"/>
    <testcase name="Status code is 422" time="0.008" classname="E2ERegression"/>
    <testcase name="The response has text about invalid type" time="0.008" classname="E2ERegression"/>
  </testsuite>
  <testsuite name="NegativeCases / Edit / update_activity_add_not_exist_field" id="fec39e4f-4c45-48f5-a1c5-e7ce6b1c59c1" timestamp="2024-03-20T07:31:17.672Z" tests="4" failures="2" errors="0" time="0.012">
    <testcase name="response should be okay to process" time="0.012" classname="E2ERegression"/>
    <testcase name="Status code is 422" time="0.012" classname="E2ERegression">
      <failure type="AssertionFailure" message="expected 200 to deeply equal 422">
        <![CDATA[Failed 1 times.]]>
        <![CDATA[Collection JSON ID: b0c3c496-91ab-4155-8da5-21bf3a25bf0d.]]>
        <![CDATA[Collection name: e2e-regression.]]>
        <![CDATA[Request name: NegativeCases / Edit / update_activity_add_not_exist_field.]]>
        <![CDATA[Test description: Status code is 422.]]>
        <![CDATA[Error message: expected 200 to deeply equal 422.]]>
        <![CDATA[Stacktrace: AssertionError: expected 200 to deeply equal 422
   at Object.eval sandbox-script.js:1:24).]]>
      </failure>
    </testcase>
    <testcase name="The response has information `Cannot update. invalid data.`" time="0.012" classname="E2ERegression">
      <failure type="AssertionFailure" message="expected false to be true">
        <![CDATA[Failed 1 times.]]>
        <![CDATA[Collection JSON ID: b0c3c496-91ab-4155-8da5-21bf3a25bf0d.]]>
        <![CDATA[Collection name: e2e-regression.]]>
        <![CDATA[Request name: NegativeCases / Edit / update_activity_add_not_exist_field.]]>
        <![CDATA[Test description: The response has information `Cannot update. invalid data.`.]]>
        <![CDATA[Error message: expected false to be true.]]>
        <![CDATA[Stacktrace: AssertionError: expected false to be true
   at Object.eval sandbox-script.js:2:24).]]>
      </failure>
    </testcase>
  </testsuite>
  <testsuite name="NegativeCases / Delete / delete_not_exist_activity" id="1cc545c5-c88b-4dca-9227-4a942f94c7b8" timestamp="2024-03-20T07:31:17.672Z" tests="2" failures="2" errors="0" time="0.007">
    <testcase name="Status code is 404" time="0.007" classname="E2ERegression">
      <failure type="AssertionFailure" message="expected 200 to deeply equal 404">
        <![CDATA[Failed 1 times.]]>
        <![CDATA[Collection JSON ID: b0c3c496-91ab-4155-8da5-21bf3a25bf0d.]]>
        <![CDATA[Collection name: e2e-regression.]]>
        <![CDATA[Request name: NegativeCases / Delete / delete_not_exist_activity.]]>
        <![CDATA[Test description: Status code is 404.]]>
        <![CDATA[Error message: expected 200 to deeply equal 404.]]>
        <![CDATA[Stacktrace: AssertionError: expected 200 to deeply equal 404
   at Object.eval sandbox-script.js:1:25).]]>
      </failure>
    </testcase>
    <testcase name="Text should contain true information" time="0.007" classname="E2ERegression">
      <failure type="AssertionFailure" message="expected 'Activity 100001 deleted' to include 'Activities not Found'">
        <![CDATA[Failed 1 times.]]>
        <![CDATA[Collection JSON ID: b0c3c496-91ab-4155-8da5-21bf3a25bf0d.]]>
        <![CDATA[Collection name: e2e-regression.]]>
        <![CDATA[Request name: NegativeCases / Delete / delete_not_exist_activity.]]>
        <![CDATA[Test description: Text should contain true information.]]>
        <![CDATA[Error message: expected 'Activity 100001 deleted' to include 'Activities not Found'.]]>
        <![CDATA[Stacktrace: AssertionError: expected 'Activity 100001 deleted' to include 'Activities not Found'
   at Object.eval sandbox-script.js:2:25).]]>
      </failure>
    </testcase>
  </testsuite>
  <testsuite name="NegativeCases / Write_off / add_time_spent_with_0" id="81719d26-b4f9-4c5f-aad9-8cd8ef2cc9f2" timestamp="2024-03-20T07:31:17.672Z" tests="4" failures="0" errors="0" time="0.005">
    <testcase name="response should be okay to process" time="0.005" classname="E2ERegression"/>
    <testcase name="Status code is 422" time="0.005" classname="E2ERegression"/>
    <testcase name="Response has valid text `Cannot update. invalid data.`" time="0.005" classname="E2ERegression"/>
  </testsuite>
</testsuites>