<?xml version="1.0" encoding="UTF-8"?>
<testsuites name="e2e-regression" tests="26" time="0.263">
  <testsuite name="Positive-critical-path / add_activity" id="c98545d4-2118-4909-8313-e0078d06a446" timestamp="2024-03-20T07:24:43.760Z" tests="6" failures="6" errors="1" time="0.000">
    <system-err><![CDATA[Iteration: 0
RequestError: Error: connect ECONNREFUSED 172.23.0.3:8080
    at TCPConnectWrap.afterConnect [as oncomplete] (node:net:1278:16)

---
]]></system-err>
    <testcase name="Status code is 200" time="0.000" classname="E2ERegression">
      <failure type="AssertionFailure" message="expected undefined to deeply equal 200">
        <![CDATA[Failed 1 times.]]>
        <![CDATA[Collection JSON ID: b0c3c496-91ab-4155-8da5-21bf3a25bf0d.]]>
        <![CDATA[Collection name: e2e-regression.]]>
        <![CDATA[Request name: Positive-critical-path / add_activity.]]>
        <![CDATA[Test description: Status code is 200.]]>
        <![CDATA[Error message: expected undefined to deeply equal 200.]]>
        <![CDATA[Stacktrace: AssertionError: expected undefined to deeply equal 200
   at Object.eval sandbox-script.js:1:1).]]>
      </failure>
    </testcase>
    <testcase name="Text about add new activity" time="0.000" classname="E2ERegression">
      <failure type="AssertionFailure" message="the given combination of arguments (undefined and string) is invalid for this assertion. You can use an array, a map, an object, a set, a string, or a weakset instead of a string">
        <![CDATA[Failed 1 times.]]>
        <![CDATA[Collection JSON ID: b0c3c496-91ab-4155-8da5-21bf3a25bf0d.]]>
        <![CDATA[Collection name: e2e-regression.]]>
        <![CDATA[Request name: Positive-critical-path / add_activity.]]>
        <![CDATA[Test description: Text about add new activity.]]>
        <![CDATA[Error message: the given combination of arguments (undefined and string) is invalid for this assertion. You can use an array, a map, an object, a set, a string, or a weakset instead of a string.]]>
        <![CDATA[Stacktrace: AssertionError: the given combination of arguments (undefined and string) is invalid for this assertion. You can use an array, a map, an object, a set, a string, or a weakset instead of a string
   at Object.eval sandbox-script.js:2:1).]]>
      </failure>
    </testcase>
    <testcase name="The response has title" time="0.000" classname="E2ERegression">
      <failure type="AssertionFailure" message="the given combination of arguments (undefined and string) is invalid for this assertion. You can use an array, a map, an object, a set, a string, or a weakset instead of a string">
        <![CDATA[Failed 1 times.]]>
        <![CDATA[Collection JSON ID: b0c3c496-91ab-4155-8da5-21bf3a25bf0d.]]>
        <![CDATA[Collection name: e2e-regression.]]>
        <![CDATA[Request name: Positive-critical-path / add_activity.]]>
        <![CDATA[Test description: The response has title.]]>
        <![CDATA[Error message: the given combination of arguments (undefined and string) is invalid for this assertion. You can use an array, a map, an object, a set, a string, or a weakset instead of a string.]]>
        <![CDATA[Stacktrace: AssertionError: the given combination of arguments (undefined and string) is invalid for this assertion. You can use an array, a map, an object, a set, a string, or a weakset instead of a string
   at Object.eval sandbox-script.js:3:1).]]>
      </failure>
    </testcase>
    <testcase name="The response has content" time="0.000" classname="E2ERegression">
      <failure type="AssertionFailure" message="the given combination of arguments (undefined and string) is invalid for this assertion. You can use an array, a map, an object, a set, a string, or a weakset instead of a string">
        <![CDATA[Failed 1 times.]]>
        <![CDATA[Collection JSON ID: b0c3c496-91ab-4155-8da5-21bf3a25bf0d.]]>
        <![CDATA[Collection name: e2e-regression.]]>
        <![CDATA[Request name: Positive-critical-path / add_activity.]]>
        <![CDATA[Test description: The response has content.]]>
        <![CDATA[Error message: the given combination of arguments (undefined and string) is invalid for this assertion. You can use an array, a map, an object, a set, a string, or a weakset instead of a string.]]>
        <![CDATA[Stacktrace: AssertionError: the given combination of arguments (undefined and string) is invalid for this assertion. You can use an array, a map, an object, a set, a string, or a weakset instead of a string
   at Object.eval sandbox-script.js:4:1).]]>
      </failure>
    </testcase>
    <testcase name="The response has time" time="0.000" classname="E2ERegression">
      <failure type="AssertionFailure" message="the given combination of arguments (undefined and string) is invalid for this assertion. You can use an array, a map, an object, a set, a string, or a weakset instead of a string">
        <![CDATA[Failed 1 times.]]>
        <![CDATA[Collection JSON ID: b0c3c496-91ab-4155-8da5-21bf3a25bf0d.]]>
        <![CDATA[Collection name: e2e-regression.]]>
        <![CDATA[Request name: Positive-critical-path / add_activity.]]>
        <![CDATA[Test description: The response has time.]]>
        <![CDATA[Error message: the given combination of arguments (undefined and string) is invalid for this assertion. You can use an array, a map, an object, a set, a string, or a weakset instead of a string.]]>
        <![CDATA[Stacktrace: AssertionError: the given combination of arguments (undefined and string) is invalid for this assertion. You can use an array, a map, an object, a set, a string, or a weakset instead of a string
   at Object.eval sandbox-script.js:5:1).]]>
      </failure>
    </testcase>
    <testcase name="Reponse time is less than 200ms" time="0.000" classname="E2ERegression">
      <failure type="AssertionFailure" message="expected undefined to be a number or a date">
        <![CDATA[Failed 1 times.]]>
        <![CDATA[Collection JSON ID: b0c3c496-91ab-4155-8da5-21bf3a25bf0d.]]>
        <![CDATA[Collection name: e2e-regression.]]>
        <![CDATA[Request name: Positive-critical-path / add_activity.]]>
        <![CDATA[Test description: Reponse time is less than 200ms.]]>
        <![CDATA[Error message: expected undefined to be a number or a date.]]>
        <![CDATA[Stacktrace: AssertionError: expected undefined to be a number or a date
   at Object.eval sandbox-script.js:6:1).]]>
      </failure>
    </testcase>
  </testsuite>
  <testsuite name="Positive-critical-path / slq_query_after_add" id="dcff4e58-0bcd-4120-85b9-45e19a81325d" timestamp="2024-03-20T07:24:43.760Z" tests="2" failures="2" errors="0" time="0.036">
    <testcase name="Response code is 200" time="0.036" classname="E2ERegression">
      <failure type="AssertionFailure" message="expected 404 to deeply equal 200">
        <![CDATA[Failed 1 times.]]>
        <![CDATA[Collection JSON ID: b0c3c496-91ab-4155-8da5-21bf3a25bf0d.]]>
        <![CDATA[Collection name: e2e-regression.]]>
        <![CDATA[Request name: Positive-critical-path / slq_query_after_add.]]>
        <![CDATA[Test description: Response code is 200.]]>
        <![CDATA[Error message: expected 404 to deeply equal 200.]]>
        <![CDATA[Stacktrace: AssertionError: expected 404 to deeply equal 200
   at Object.eval sandbox-script.js:1:2).]]>
      </failure>
    </testcase>
    <testcase name="Title which added, equal title in db" time="0.036" classname="E2ERegression">
      <failure type="AssertionFailure" message="expected 'Route not found' to include 'c8v%8c\'MMF4Nc1XazSo2!K!dg$sD1Nb^(^cH…'">
        <![CDATA[Failed 1 times.]]>
        <![CDATA[Collection JSON ID: b0c3c496-91ab-4155-8da5-21bf3a25bf0d.]]>
        <![CDATA[Collection name: e2e-regression.]]>
        <![CDATA[Request name: Positive-critical-path / slq_query_after_add.]]>
        <![CDATA[Test description: Title which added, equal title in db.]]>
        <![CDATA[Error message: expected 'Route not found' to include 'c8v%8c\'MMF4Nc1XazSo2!K!dg$sD1Nb^(^cH…'.]]>
        <![CDATA[Stacktrace: AssertionError: expected 'Route not found' to include 'c8v%8c\'MMF4Nc1XazSo2!K!dg$sD1Nb^(^cH…'
   at Object.eval sandbox-script.js:2:2).]]>
      </failure>
    </testcase>
  </testsuite>
  <testsuite name="Positive-critical-path / check_activity_added" id="3c757ae1-3cce-42e5-98e1-9fdcb5946080" timestamp="2024-03-20T07:24:43.760Z" tests="1" failures="1" errors="2" time="0.000">
    <system-err><![CDATA[Iteration: 0
RequestError: Error: connect ECONNREFUSED 172.23.0.3:8080
    at TCPConnectWrap.afterConnect [as oncomplete] (node:net:1278:16)

---
testScriptError: Unexpected token u in JSON at position 0
---
]]></system-err>
    <testcase name="Status code is 200" time="0.000" classname="E2ERegression">
      <failure type="AssertionFailure" message="expected undefined to deeply equal 200">
        <![CDATA[Failed 1 times.]]>
        <![CDATA[Collection JSON ID: b0c3c496-91ab-4155-8da5-21bf3a25bf0d.]]>
        <![CDATA[Collection name: e2e-regression.]]>
        <![CDATA[Request name: Positive-critical-path / check_activity_added.]]>
        <![CDATA[Test description: Status code is 200.]]>
        <![CDATA[Error message: expected undefined to deeply equal 200.]]>
        <![CDATA[Stacktrace: AssertionError: expected undefined to deeply equal 200
   at Object.eval sandbox-script.js:1:3).]]>
      </failure>
    </testcase>
  </testsuite>
  <testsuite name="Positive-critical-path / update_activity_1" id="411c4b23-0a9b-46d2-855e-2696fadb1ae5" timestamp="2024-03-20T07:24:43.760Z" tests="1" failures="1" errors="2" time="0.000">
    <system-err><![CDATA[Iteration: 0
RequestError: Error: connect ECONNREFUSED 172.23.0.3:8080
    at TCPConnectWrap.afterConnect [as oncomplete] (node:net:1278:16)

---
testScriptError: Unexpected token u in JSON at position 0
---
]]></system-err>
    <testcase name="Status code is 200" time="0.000" classname="E2ERegression">
      <failure type="AssertionFailure" message="expected undefined to deeply equal 200">
        <![CDATA[Failed 1 times.]]>
        <![CDATA[Collection JSON ID: b0c3c496-91ab-4155-8da5-21bf3a25bf0d.]]>
        <![CDATA[Collection name: e2e-regression.]]>
        <![CDATA[Request name: Positive-critical-path / update_activity_1.]]>
        <![CDATA[Test description: Status code is 200.]]>
        <![CDATA[Error message: expected undefined to deeply equal 200.]]>
        <![CDATA[Stacktrace: AssertionError: expected undefined to deeply equal 200
   at Object.eval sandbox-script.js:1:4).]]>
      </failure>
    </testcase>
  </testsuite>
  <testsuite name="Positive-critical-path / slq_query_after_first_update" id="10ab12ad-d87e-4bc0-8e5e-3952583441e8" timestamp="2024-03-20T07:24:43.760Z" tests="2" failures="2" errors="0" time="0.008">
    <testcase name="Response code is 200" time="0.008" classname="E2ERegression">
      <failure type="AssertionFailure" message="expected 404 to deeply equal 200">
        <![CDATA[Failed 1 times.]]>
        <![CDATA[Collection JSON ID: b0c3c496-91ab-4155-8da5-21bf3a25bf0d.]]>
        <![CDATA[Collection name: e2e-regression.]]>
        <![CDATA[Request name: Positive-critical-path / slq_query_after_first_update.]]>
        <![CDATA[Test description: Response code is 200.]]>
        <![CDATA[Error message: expected 404 to deeply equal 200.]]>
        <![CDATA[Stacktrace: AssertionError: expected 404 to deeply equal 200
   at Object.eval sandbox-script.js:1:5).]]>
      </failure>
    </testcase>
    <testcase name="Title which added, equal title in db" time="0.008" classname="E2ERegression">
      <failure type="AssertionFailure" message="expected 'Route not found' to include 'z'">
        <![CDATA[Failed 1 times.]]>
        <![CDATA[Collection JSON ID: b0c3c496-91ab-4155-8da5-21bf3a25bf0d.]]>
        <![CDATA[Collection name: e2e-regression.]]>
        <![CDATA[Request name: Positive-critical-path / slq_query_after_first_update.]]>
        <![CDATA[Test description: Title which added, equal title in db.]]>
        <![CDATA[Error message: expected 'Route not found' to include 'z'.]]>
        <![CDATA[Stacktrace: AssertionError: expected 'Route not found' to include 'z'
   at Object.eval sandbox-script.js:2:5).]]>
      </failure>
    </testcase>
  </testsuite>
  <testsuite name="Positive-critical-path / check_activity_updated" id="bd426042-c0fa-4c19-8e73-5ccfb74036e6" timestamp="2024-03-20T07:24:43.760Z" tests="1" failures="1" errors="2" time="0.000">
    <system-err><![CDATA[Iteration: 0
RequestError: Error: connect ECONNREFUSED 172.23.0.3:8080
    at TCPConnectWrap.afterConnect [as oncomplete] (node:net:1278:16)

---
testScriptError: Unexpected token u in JSON at position 0
---
]]></system-err>
    <testcase name="Status code is 200" time="0.000" classname="E2ERegression">
      <failure type="AssertionFailure" message="expected undefined to deeply equal 200">
        <![CDATA[Failed 1 times.]]>
        <![CDATA[Collection JSON ID: b0c3c496-91ab-4155-8da5-21bf3a25bf0d.]]>
        <![CDATA[Collection name: e2e-regression.]]>
        <![CDATA[Request name: Positive-critical-path / check_activity_updated.]]>
        <![CDATA[Test description: Status code is 200.]]>
        <![CDATA[Error message: expected undefined to deeply equal 200.]]>
        <![CDATA[Stacktrace: AssertionError: expected undefined to deeply equal 200
   at Object.eval sandbox-script.js:1:6).]]>
      </failure>
    </testcase>
  </testsuite>
  <testsuite name="Positive-critical-path / add_time_spent" id="97ceee17-2d14-4cc2-b9b5-8dd67264b706" timestamp="2024-03-20T07:24:43.760Z" tests="2" failures="2" errors="1" time="0.000">
    <system-err><![CDATA[Iteration: 0
RequestError: Error: connect ECONNREFUSED 172.23.0.3:8080
    at TCPConnectWrap.afterConnect [as oncomplete] (node:net:1278:16)

---
]]></system-err>
    <testcase name="Status code is 200" time="0.000" classname="E2ERegression">
      <failure type="AssertionFailure" message="expected undefined to deeply equal 200">
        <![CDATA[Failed 1 times.]]>
        <![CDATA[Collection JSON ID: b0c3c496-91ab-4155-8da5-21bf3a25bf0d.]]>
        <![CDATA[Collection name: e2e-regression.]]>
        <![CDATA[Request name: Positive-critical-path / add_time_spent.]]>
        <![CDATA[Test description: Status code is 200.]]>
        <![CDATA[Error message: expected undefined to deeply equal 200.]]>
        <![CDATA[Stacktrace: AssertionError: expected undefined to deeply equal 200
   at Object.eval sandbox-script.js:1:7).]]>
      </failure>
    </testcase>
    <testcase name="Anwser has text about time added" time="0.000" classname="E2ERegression">
      <failure type="AssertionFailure" message="the given combination of arguments (undefined and string) is invalid for this assertion. You can use an array, a map, an object, a set, a string, or a weakset instead of a string">
        <![CDATA[Failed 1 times.]]>
        <![CDATA[Collection JSON ID: b0c3c496-91ab-4155-8da5-21bf3a25bf0d.]]>
        <![CDATA[Collection name: e2e-regression.]]>
        <![CDATA[Request name: Positive-critical-path / add_time_spent.]]>
        <![CDATA[Test description: Anwser has text about time added.]]>
        <![CDATA[Error message: the given combination of arguments (undefined and string) is invalid for this assertion. You can use an array, a map, an object, a set, a string, or a weakset instead of a string.]]>
        <![CDATA[Stacktrace: AssertionError: the given combination of arguments (undefined and string) is invalid for this assertion. You can use an array, a map, an object, a set, a string, or a weakset instead of a string
   at Object.eval sandbox-script.js:2:7).]]>
      </failure>
    </testcase>
  </testsuite>
  <testsuite name="Positive-critical-path / slq_query_after_add_time_spent" id="8df96916-3521-41a1-b7e2-28b847a3dccd" timestamp="2024-03-20T07:24:43.760Z" tests="2" failures="1" errors="0" time="0.007">
    <testcase name="Response code is 200" time="0.007" classname="E2ERegression">
      <failure type="AssertionFailure" message="expected 404 to deeply equal 200">
        <![CDATA[Failed 1 times.]]>
        <![CDATA[Collection JSON ID: b0c3c496-91ab-4155-8da5-21bf3a25bf0d.]]>
        <![CDATA[Collection name: e2e-regression.]]>
        <![CDATA[Request name: Positive-critical-path / slq_query_after_add_time_spent.]]>
        <![CDATA[Test description: Response code is 200.]]>
        <![CDATA[Error message: expected 404 to deeply equal 200.]]>
        <![CDATA[Stacktrace: AssertionError: expected 404 to deeply equal 200
   at Object.eval sandbox-script.js:1:8).]]>
      </failure>
    </testcase>
    <testcase name="Response not empty" time="0.007" classname="E2ERegression"/>
  </testsuite>
  <testsuite name="Positive-critical-path / check_time_spent_aded" id="cd42273a-bc26-4c27-8864-baf425d1970a" timestamp="2024-03-20T07:24:43.760Z" tests="0" failures="0" errors="2" time="0.000">
    <system-err><![CDATA[Iteration: 0
RequestError: Error: connect ECONNREFUSED 172.23.0.3:8080
    at TCPConnectWrap.afterConnect [as oncomplete] (node:net:1278:16)

---
testScriptError: Unexpected token u in JSON at position 0
---
]]></system-err>
  </testsuite>
  <testsuite name="Positive-critical-path / update_activity_2" id="ecc97b36-523b-4b71-a514-0aee5c5f8003" timestamp="2024-03-20T07:24:43.760Z" tests="1" failures="1" errors="2" time="0.000">
    <system-err><![CDATA[Iteration: 0
RequestError: Error: connect ECONNREFUSED 172.23.0.3:8080
    at TCPConnectWrap.afterConnect [as oncomplete] (node:net:1278:16)

---
testScriptError: Unexpected token u in JSON at position 0
---
]]></system-err>
    <testcase name="Status code is 200" time="0.000" classname="E2ERegression">
      <failure type="AssertionFailure" message="expected undefined to deeply equal 200">
        <![CDATA[Failed 1 times.]]>
        <![CDATA[Collection JSON ID: b0c3c496-91ab-4155-8da5-21bf3a25bf0d.]]>
        <![CDATA[Collection name: e2e-regression.]]>
        <![CDATA[Request name: Positive-critical-path / update_activity_2.]]>
        <![CDATA[Test description: Status code is 200.]]>
        <![CDATA[Error message: expected undefined to deeply equal 200.]]>
        <![CDATA[Stacktrace: AssertionError: expected undefined to deeply equal 200
   at Object.eval sandbox-script.js:1:10).]]>
      </failure>
    </testcase>
  </testsuite>
  <testsuite name="Positive-critical-path / check_time_spent_exist_after_update" id="4acf68b1-d3ac-413e-9352-98b4600c6e12" timestamp="2024-03-20T07:24:43.760Z" tests="0" failures="0" errors="1" time="0.013">
    <system-err><![CDATA[Iteration: 0

---
testScriptError: Unexpected token 'C' at 1:1
Cannot update. invalid data.
^
---
]]></system-err>
  </testsuite>
  <testsuite name="Positive-critical-path / add_time_spent_more_than_exist" id="63e7d13a-abd9-4dbb-ab36-62f3c8181283" timestamp="2024-03-20T07:24:43.760Z" tests="2" failures="2" errors="0" time="0.011">
    <testcase name="Status code is 200" time="0.011" classname="E2ERegression">
      <failure type="AssertionFailure" message="expected 422 to deeply equal 200">
        <![CDATA[Failed 1 times.]]>
        <![CDATA[Collection JSON ID: b0c3c496-91ab-4155-8da5-21bf3a25bf0d.]]>
        <![CDATA[Collection name: e2e-regression.]]>
        <![CDATA[Request name: Positive-critical-path / add_time_spent_more_than_exist.]]>
        <![CDATA[Test description: Status code is 200.]]>
        <![CDATA[Error message: expected 422 to deeply equal 200.]]>
        <![CDATA[Stacktrace: AssertionError: expected 422 to deeply equal 200
   at Object.eval sandbox-script.js:1:12).]]>
      </failure>
    </testcase>
    <testcase name="Anwser has text about time added" time="0.011" classname="E2ERegression">
      <failure type="AssertionFailure" message="expected 'Cannot update. invalid data.' to include 'Time added'">
        <![CDATA[Failed 1 times.]]>
        <![CDATA[Collection JSON ID: b0c3c496-91ab-4155-8da5-21bf3a25bf0d.]]>
        <![CDATA[Collection name: e2e-regression.]]>
        <![CDATA[Request name: Positive-critical-path / add_time_spent_more_than_exist.]]>
        <![CDATA[Test description: Anwser has text about time added.]]>
        <![CDATA[Error message: expected 'Cannot update. invalid data.' to include 'Time added'.]]>
        <![CDATA[Stacktrace: AssertionError: expected 'Cannot update. invalid data.' to include 'Time added'
   at Object.eval sandbox-script.js:2:12).]]>
      </failure>
    </testcase>
  </testsuite>
  <testsuite name="Positive-critical-path / Delete_activity" id="06fb9462-9f0e-4c33-8fb4-a6e72ed2f233" timestamp="2024-03-20T07:24:43.760Z" tests="2" failures="0" errors="0" time="0.007">
    <testcase name="Status code is 200" time="0.007" classname="E2ERegression"/>
    <testcase name="Text should contain true information" time="0.007" classname="E2ERegression"/>
  </testsuite>
  <testsuite name="Positive-critical-path / slq_query_after_add_delete_activity" id="24e9689c-3409-4e50-bd73-45981b0159de" timestamp="2024-03-20T07:24:43.760Z" tests="2" failures="2" errors="0" time="0.010">
    <testcase name="Response code is 200" time="0.010" classname="E2ERegression">
      <failure type="AssertionFailure" message="expected 404 to deeply equal 200">
        <![CDATA[Failed 1 times.]]>
        <![CDATA[Collection JSON ID: b0c3c496-91ab-4155-8da5-21bf3a25bf0d.]]>
        <![CDATA[Collection name: e2e-regression.]]>
        <![CDATA[Request name: Positive-critical-path / slq_query_after_add_delete_activity.]]>
        <![CDATA[Test description: Response code is 200.]]>
        <![CDATA[Error message: expected 404 to deeply equal 200.]]>
        <![CDATA[Stacktrace: AssertionError: expected 404 to deeply equal 200
   at Object.eval sandbox-script.js:1:14).]]>
      </failure>
    </testcase>
    <testcase name="Activities deleted from db, and response is empty" time="0.010" classname="E2ERegression">
      <failure type="AssertionFailure" message="expected 15 to deeply equal 2">
        <![CDATA[Failed 1 times.]]>
        <![CDATA[Collection JSON ID: b0c3c496-91ab-4155-8da5-21bf3a25bf0d.]]>
        <![CDATA[Collection name: e2e-regression.]]>
        <![CDATA[Request name: Positive-critical-path / slq_query_after_add_delete_activity.]]>
        <![CDATA[Test description: Activities deleted from db, and response is empty.]]>
        <![CDATA[Error message: expected 15 to deeply equal 2.]]>
        <![CDATA[Stacktrace: AssertionError: expected 15 to deeply equal 2
   at Object.eval sandbox-script.js:2:14).]]>
      </failure>
    </testcase>
  </testsuite>
  <testsuite name="Positive-critical-path / check_time_spent_exist_after_delete" id="a97c7bbb-bf50-4a23-9fee-484ddf54a3d8" timestamp="2024-03-20T07:24:43.760Z" tests="0" failures="0" errors="1" time="0.007">
    <system-err><![CDATA[Iteration: 0

---
testScriptError: Unexpected token 'C' at 1:1
Cannot update. invalid data.
^
---
]]></system-err>
  </testsuite>
  <testsuite name="Positive-critical-path / add_time_spent_when_activity_not_exist" id="1a8eeda6-4815-4256-90b5-9b62ce6f5b6f" timestamp="2024-03-20T07:24:43.760Z" tests="1" failures="1" errors="0" time="0.014">
    <testcase name="Status code is 404" time="0.014" classname="E2ERegression">
      <failure type="AssertionFailure" message="expected 422 to deeply equal 404">
        <![CDATA[Failed 1 times.]]>
        <![CDATA[Collection JSON ID: b0c3c496-91ab-4155-8da5-21bf3a25bf0d.]]>
        <![CDATA[Collection name: e2e-regression.]]>
        <![CDATA[Request name: Positive-critical-path / add_time_spent_when_activity_not_exist.]]>
        <![CDATA[Test description: Status code is 404.]]>
        <![CDATA[Error message: expected 422 to deeply equal 404.]]>
        <![CDATA[Stacktrace: AssertionError: expected 422 to deeply equal 404
   at Object.eval sandbox-script.js:1:16).]]>
      </failure>
    </testcase>
  </testsuite>
  <testsuite name="NegativeCases / Add / miss_one_field" id="38ef876e-b7c3-4f19-ac4b-cde715996e2c" timestamp="2024-03-20T07:24:43.760Z" tests="2" failures="0" errors="0" time="0.020">
    <testcase name="Status code is 422" time="0.020" classname="E2ERegression"/>
    <testcase name="Response text should exist information about field which missed" time="0.020" classname="E2ERegression"/>
  </testsuite>
  <testsuite name="NegativeCases / Add / miss_several_fields" id="0f1f2a88-f960-4042-b52c-ba68ad361753" timestamp="2024-03-20T07:24:43.760Z" tests="3" failures="1" errors="0" time="0.006">
    <testcase name="Status code is 422" time="0.006" classname="E2ERegression"/>
    <testcase name="Response text should exist information about missed title" time="0.006" classname="E2ERegression"/>
    <testcase name="Response text should exist information about missed Time" time="0.006" classname="E2ERegression">
      <failure type="AssertionFailure" message="expected 'Request body deserialize error: missi…' to include 'missing field `time`'">
        <![CDATA[Failed 1 times.]]>
        <![CDATA[Collection JSON ID: b0c3c496-91ab-4155-8da5-21bf3a25bf0d.]]>
        <![CDATA[Collection name: e2e-regression.]]>
        <![CDATA[Request name: NegativeCases / Add / miss_several_fields.]]>
        <![CDATA[Test description: Response text should exist information about missed Time.]]>
        <![CDATA[Error message: expected 'Request body deserialize error: missi…' to include 'missing field `time`'.]]>
        <![CDATA[Stacktrace: AssertionError: expected 'Request body deserialize error: missi…' to include 'missing field `time`'
   at Object.eval sandbox-script.js:3:18).]]>
      </failure>
    </testcase>
  </testsuite>
  <testsuite name="NegativeCases / Add / wrong_data_type" id="8e56a323-0f87-4646-b305-19bb6925dea4" timestamp="2024-03-20T07:24:43.760Z" tests="2" failures="0" errors="0" time="0.006">
    <testcase name="Status code is 422" time="0.006" classname="E2ERegression"/>
    <testcase name="Response text should exist information about invalid type" time="0.006" classname="E2ERegression"/>
  </testsuite>
  <testsuite name="NegativeCases / Add / body_type_text" id="ec05427f-c27d-42d6-a0d1-90ebf226431d" timestamp="2024-03-20T07:24:43.760Z" tests="1" failures="1" errors="0" time="0.008">
    <testcase name="Status code is 422" time="0.008" classname="E2ERegression">
      <failure type="AssertionFailure" message="expected 404 to deeply equal 422">
        <![CDATA[Failed 1 times.]]>
        <![CDATA[Collection JSON ID: b0c3c496-91ab-4155-8da5-21bf3a25bf0d.]]>
        <![CDATA[Collection name: e2e-regression.]]>
        <![CDATA[Request name: NegativeCases / Add / body_type_text.]]>
        <![CDATA[Test description: Status code is 422.]]>
        <![CDATA[Error message: expected 404 to deeply equal 422.]]>
        <![CDATA[Stacktrace: AssertionError: expected 404 to deeply equal 422
   at Object.eval sandbox-script.js:1:20).]]>
      </failure>
    </testcase>
  </testsuite>
  <testsuite name="NegativeCases / Add / miss_body" id="f5f1441e-c1c2-4c2f-acca-634e475f4e50" timestamp="2024-03-20T07:24:43.760Z" tests="2" failures="0" errors="0" time="0.006">
    <testcase name="Status code is 422" time="0.006" classname="E2ERegression"/>
    <testcase name="Response text should exist information about missed body" time="0.006" classname="E2ERegression"/>
  </testsuite>
  <testsuite name="NegativeCases / Edit / update_activity_with_empty_value" id="5c0bfb10-e8cc-4579-a63c-2c788d063207" timestamp="2024-03-20T07:24:43.760Z" tests="4" failures="0" errors="0" time="0.008">
    <testcase name="response should be okay to process" time="0.008" classname="E2ERegression"/>
    <testcase name="Status code is 422" time="0.008" classname="E2ERegression"/>
    <testcase name="The response has text about missing time" time="0.008" classname="E2ERegression"/>
  </testsuite>
  <testsuite name="NegativeCases / Edit / update_activity_with_incorect_data_type" id="81527fd1-b2cc-41e9-991c-343ed6d2e873" timestamp="2024-03-20T07:24:43.760Z" tests="4" failures="0" errors="0" time="0.006">
    <testcase name="response should be okay to process" time="0.006" classname="E2ERegression"/>
    <testcase name="Status code is 422" time="0.006" classname="E2ERegression"/>
    <testcase name="The response has text about invalid type" time="0.006" classname="E2ERegression"/>
  </testsuite>
  <testsuite name="NegativeCases / Edit / update_activity_add_not_exist_field" id="d7854695-569e-44fd-9074-ec5cd645f47e" timestamp="2024-03-20T07:24:43.760Z" tests="4" failures="0" errors="0" time="0.014">
    <testcase name="response should be okay to process" time="0.014" classname="E2ERegression"/>
    <testcase name="Status code is 422" time="0.014" classname="E2ERegression"/>
    <testcase name="The response has information `Cannot update. invalid data.`" time="0.014" classname="E2ERegression"/>
  </testsuite>
  <testsuite name="NegativeCases / Delete / delete_not_exist_activity" id="7f8bc69a-359f-41b1-9e70-a9cbfa429c81" timestamp="2024-03-20T07:24:43.760Z" tests="2" failures="2" errors="0" time="0.005">
    <testcase name="Status code is 404" time="0.005" classname="E2ERegression">
      <failure type="AssertionFailure" message="expected 200 to deeply equal 404">
        <![CDATA[Failed 1 times.]]>
        <![CDATA[Collection JSON ID: b0c3c496-91ab-4155-8da5-21bf3a25bf0d.]]>
        <![CDATA[Collection name: e2e-regression.]]>
        <![CDATA[Request name: NegativeCases / Delete / delete_not_exist_activity.]]>
        <![CDATA[Test description: Status code is 404.]]>
        <![CDATA[Error message: expected 200 to deeply equal 404.]]>
        <![CDATA[Stacktrace: AssertionError: expected 200 to deeply equal 404
   at Object.eval sandbox-script.js:1:25).]]>
      </failure>
    </testcase>
    <testcase name="Text should contain true information" time="0.005" classname="E2ERegression">
      <failure type="AssertionFailure" message="expected 'Activity 100001 deleted' to include 'Activities not Found'">
        <![CDATA[Failed 1 times.]]>
        <![CDATA[Collection JSON ID: b0c3c496-91ab-4155-8da5-21bf3a25bf0d.]]>
        <![CDATA[Collection name: e2e-regression.]]>
        <![CDATA[Request name: NegativeCases / Delete / delete_not_exist_activity.]]>
        <![CDATA[Test description: Text should contain true information.]]>
        <![CDATA[Error message: expected 'Activity 100001 deleted' to include 'Activities not Found'.]]>
        <![CDATA[Stacktrace: AssertionError: expected 'Activity 100001 deleted' to include 'Activities not Found'
   at Object.eval sandbox-script.js:2:25).]]>
      </failure>
    </testcase>
  </testsuite>
  <testsuite name="NegativeCases / Write_off / add_time_spent_with_0" id="c471ef6c-4bea-41db-971a-18e4a9fb38f1" timestamp="2024-03-20T07:24:43.760Z" tests="4" failures="0" errors="0" time="0.071">
    <testcase name="response should be okay to process" time="0.071" classname="E2ERegression"/>
    <testcase name="Status code is 422" time="0.071" classname="E2ERegression"/>
    <testcase name="Response has valid text `Cannot update. invalid data.`" time="0.071" classname="E2ERegression"/>
  </testsuite>
</testsuites>