<?xml version="1.0" encoding="UTF-8"?>
<testsuites name="e2e-regression" tests="26" time="0.301">
  <testsuite name="Positive-critical-path / add_activity" id="049711e2-19b7-4e36-afbb-37769b88b914" timestamp="2024-03-20T07:32:43.466Z" tests="6" failures="6" errors="1" time="0.000">
    <system-err><![CDATA[Iteration: 0
RequestError: Error: connect ECONNREFUSED 172.26.0.4:8080
    at TCPConnectWrap.afterConnect [as oncomplete] (node:net:1278:16)

---
]]></system-err>
    <testcase name="Status code is 200" time="0.000" classname="E2ERegression">
      <failure type="AssertionFailure" message="expected undefined to deeply equal 200">
        <![CDATA[Failed 1 times.]]>
        <![CDATA[Collection JSON ID: b0c3c496-91ab-4155-8da5-21bf3a25bf0d.]]>
        <![CDATA[Collection name: e2e-regression.]]>
        <![CDATA[Request name: Positive-critical-path / add_activity.]]>
        <![CDATA[Test description: Status code is 200.]]>
        <![CDATA[Error message: expected undefined to deeply equal 200.]]>
        <![CDATA[Stacktrace: AssertionError: expected undefined to deeply equal 200
   at Object.eval sandbox-script.js:1:1).]]>
      </failure>
    </testcase>
    <testcase name="Text about add new activity" time="0.000" classname="E2ERegression">
      <failure type="AssertionFailure" message="the given combination of arguments (undefined and string) is invalid for this assertion. You can use an array, a map, an object, a set, a string, or a weakset instead of a string">
        <![CDATA[Failed 1 times.]]>
        <![CDATA[Collection JSON ID: b0c3c496-91ab-4155-8da5-21bf3a25bf0d.]]>
        <![CDATA[Collection name: e2e-regression.]]>
        <![CDATA[Request name: Positive-critical-path / add_activity.]]>
        <![CDATA[Test description: Text about add new activity.]]>
        <![CDATA[Error message: the given combination of arguments (undefined and string) is invalid for this assertion. You can use an array, a map, an object, a set, a string, or a weakset instead of a string.]]>
        <![CDATA[Stacktrace: AssertionError: the given combination of arguments (undefined and string) is invalid for this assertion. You can use an array, a map, an object, a set, a string, or a weakset instead of a string
   at Object.eval sandbox-script.js:2:1).]]>
      </failure>
    </testcase>
    <testcase name="The response has title" time="0.000" classname="E2ERegression">
      <failure type="AssertionFailure" message="the given combination of arguments (undefined and string) is invalid for this assertion. You can use an array, a map, an object, a set, a string, or a weakset instead of a string">
        <![CDATA[Failed 1 times.]]>
        <![CDATA[Collection JSON ID: b0c3c496-91ab-4155-8da5-21bf3a25bf0d.]]>
        <![CDATA[Collection name: e2e-regression.]]>
        <![CDATA[Request name: Positive-critical-path / add_activity.]]>
        <![CDATA[Test description: The response has title.]]>
        <![CDATA[Error message: the given combination of arguments (undefined and string) is invalid for this assertion. You can use an array, a map, an object, a set, a string, or a weakset instead of a string.]]>
        <![CDATA[Stacktrace: AssertionError: the given combination of arguments (undefined and string) is invalid for this assertion. You can use an array, a map, an object, a set, a string, or a weakset instead of a string
   at Object.eval sandbox-script.js:3:1).]]>
      </failure>
    </testcase>
    <testcase name="The response has content" time="0.000" classname="E2ERegression">
      <failure type="AssertionFailure" message="the given combination of arguments (undefined and string) is invalid for this assertion. You can use an array, a map, an object, a set, a string, or a weakset instead of a string">
        <![CDATA[Failed 1 times.]]>
        <![CDATA[Collection JSON ID: b0c3c496-91ab-4155-8da5-21bf3a25bf0d.]]>
        <![CDATA[Collection name: e2e-regression.]]>
        <![CDATA[Request name: Positive-critical-path / add_activity.]]>
        <![CDATA[Test description: The response has content.]]>
        <![CDATA[Error message: the given combination of arguments (undefined and string) is invalid for this assertion. You can use an array, a map, an object, a set, a string, or a weakset instead of a string.]]>
        <![CDATA[Stacktrace: AssertionError: the given combination of arguments (undefined and string) is invalid for this assertion. You can use an array, a map, an object, a set, a string, or a weakset instead of a string
   at Object.eval sandbox-script.js:4:1).]]>
      </failure>
    </testcase>
    <testcase name="The response has time" time="0.000" classname="E2ERegression">
      <failure type="AssertionFailure" message="the given combination of arguments (undefined and string) is invalid for this assertion. You can use an array, a map, an object, a set, a string, or a weakset instead of a string">
        <![CDATA[Failed 1 times.]]>
        <![CDATA[Collection JSON ID: b0c3c496-91ab-4155-8da5-21bf3a25bf0d.]]>
        <![CDATA[Collection name: e2e-regression.]]>
        <![CDATA[Request name: Positive-critical-path / add_activity.]]>
        <![CDATA[Test description: The response has time.]]>
        <![CDATA[Error message: the given combination of arguments (undefined and string) is invalid for this assertion. You can use an array, a map, an object, a set, a string, or a weakset instead of a string.]]>
        <![CDATA[Stacktrace: AssertionError: the given combination of arguments (undefined and string) is invalid for this assertion. You can use an array, a map, an object, a set, a string, or a weakset instead of a string
   at Object.eval sandbox-script.js:5:1).]]>
      </failure>
    </testcase>
    <testcase name="Reponse time is less than 200ms" time="0.000" classname="E2ERegression">
      <failure type="AssertionFailure" message="expected undefined to be a number or a date">
        <![CDATA[Failed 1 times.]]>
        <![CDATA[Collection JSON ID: b0c3c496-91ab-4155-8da5-21bf3a25bf0d.]]>
        <![CDATA[Collection name: e2e-regression.]]>
        <![CDATA[Request name: Positive-critical-path / add_activity.]]>
        <![CDATA[Test description: Reponse time is less than 200ms.]]>
        <![CDATA[Error message: expected undefined to be a number or a date.]]>
        <![CDATA[Stacktrace: AssertionError: expected undefined to be a number or a date
   at Object.eval sandbox-script.js:6:1).]]>
      </failure>
    </testcase>
  </testsuite>
  <testsuite name="Positive-critical-path / slq_query_after_add" id="bca08d0e-fcff-4498-be48-22d91a2bedae" timestamp="2024-03-20T07:32:43.466Z" tests="2" failures="2" errors="1" time="0.000">
    <system-err><![CDATA[Iteration: 0
RequestError: Error: connect ECONNREFUSED 172.26.0.3:4545
    at TCPConnectWrap.afterConnect [as oncomplete] (node:net:1278:16)

---
]]></system-err>
    <testcase name="Response code is 200" time="0.000" classname="E2ERegression">
      <failure type="AssertionFailure" message="expected undefined to deeply equal 200">
        <![CDATA[Failed 1 times.]]>
        <![CDATA[Collection JSON ID: b0c3c496-91ab-4155-8da5-21bf3a25bf0d.]]>
        <![CDATA[Collection name: e2e-regression.]]>
        <![CDATA[Request name: Positive-critical-path / slq_query_after_add.]]>
        <![CDATA[Test description: Response code is 200.]]>
        <![CDATA[Error message: expected undefined to deeply equal 200.]]>
        <![CDATA[Stacktrace: AssertionError: expected undefined to deeply equal 200
   at Object.eval sandbox-script.js:1:2).]]>
      </failure>
    </testcase>
    <testcase name="Title which added, equal title in db" time="0.000" classname="E2ERegression">
      <failure type="AssertionFailure" message="the given combination of arguments (undefined and string) is invalid for this assertion. You can use an array, a map, an object, a set, a string, or a weakset instead of a string">
        <![CDATA[Failed 1 times.]]>
        <![CDATA[Collection JSON ID: b0c3c496-91ab-4155-8da5-21bf3a25bf0d.]]>
        <![CDATA[Collection name: e2e-regression.]]>
        <![CDATA[Request name: Positive-critical-path / slq_query_after_add.]]>
        <![CDATA[Test description: Title which added, equal title in db.]]>
        <![CDATA[Error message: the given combination of arguments (undefined and string) is invalid for this assertion. You can use an array, a map, an object, a set, a string, or a weakset instead of a string.]]>
        <![CDATA[Stacktrace: AssertionError: the given combination of arguments (undefined and string) is invalid for this assertion. You can use an array, a map, an object, a set, a string, or a weakset instead of a string
   at Object.eval sandbox-script.js:2:2).]]>
      </failure>
    </testcase>
  </testsuite>
  <testsuite name="Positive-critical-path / check_activity_added" id="fb3a5135-0782-4327-b162-54d562c77d84" timestamp="2024-03-20T07:32:43.466Z" tests="1" failures="1" errors="2" time="0.000">
    <system-err><![CDATA[Iteration: 0
RequestError: Error: connect ECONNREFUSED 172.26.0.4:8080
    at TCPConnectWrap.afterConnect [as oncomplete] (node:net:1278:16)

---
testScriptError: Unexpected token u in JSON at position 0
---
]]></system-err>
    <testcase name="Status code is 200" time="0.000" classname="E2ERegression">
      <failure type="AssertionFailure" message="expected undefined to deeply equal 200">
        <![CDATA[Failed 1 times.]]>
        <![CDATA[Collection JSON ID: b0c3c496-91ab-4155-8da5-21bf3a25bf0d.]]>
        <![CDATA[Collection name: e2e-regression.]]>
        <![CDATA[Request name: Positive-critical-path / check_activity_added.]]>
        <![CDATA[Test description: Status code is 200.]]>
        <![CDATA[Error message: expected undefined to deeply equal 200.]]>
        <![CDATA[Stacktrace: AssertionError: expected undefined to deeply equal 200
   at Object.eval sandbox-script.js:1:3).]]>
      </failure>
    </testcase>
  </testsuite>
  <testsuite name="Positive-critical-path / update_activity_1" id="247f2fdb-e6db-4b28-9804-d11b75dd3afa" timestamp="2024-03-20T07:32:43.466Z" tests="1" failures="1" errors="2" time="0.000">
    <system-err><![CDATA[Iteration: 0
RequestError: Error: connect ECONNREFUSED 172.26.0.4:8080
    at TCPConnectWrap.afterConnect [as oncomplete] (node:net:1278:16)

---
testScriptError: Unexpected token u in JSON at position 0
---
]]></system-err>
    <testcase name="Status code is 200" time="0.000" classname="E2ERegression">
      <failure type="AssertionFailure" message="expected undefined to deeply equal 200">
        <![CDATA[Failed 1 times.]]>
        <![CDATA[Collection JSON ID: b0c3c496-91ab-4155-8da5-21bf3a25bf0d.]]>
        <![CDATA[Collection name: e2e-regression.]]>
        <![CDATA[Request name: Positive-critical-path / update_activity_1.]]>
        <![CDATA[Test description: Status code is 200.]]>
        <![CDATA[Error message: expected undefined to deeply equal 200.]]>
        <![CDATA[Stacktrace: AssertionError: expected undefined to deeply equal 200
   at Object.eval sandbox-script.js:1:4).]]>
      </failure>
    </testcase>
  </testsuite>
  <testsuite name="Positive-critical-path / slq_query_after_first_update" id="bc07a99d-146f-4f5a-8e3a-3f95e7e720b5" timestamp="2024-03-20T07:32:43.466Z" tests="2" failures="2" errors="1" time="0.000">
    <system-err><![CDATA[Iteration: 0
RequestError: Error: connect ECONNREFUSED 172.26.0.3:4545
    at TCPConnectWrap.afterConnect [as oncomplete] (node:net:1278:16)

---
]]></system-err>
    <testcase name="Response code is 200" time="0.000" classname="E2ERegression">
      <failure type="AssertionFailure" message="expected undefined to deeply equal 200">
        <![CDATA[Failed 1 times.]]>
        <![CDATA[Collection JSON ID: b0c3c496-91ab-4155-8da5-21bf3a25bf0d.]]>
        <![CDATA[Collection name: e2e-regression.]]>
        <![CDATA[Request name: Positive-critical-path / slq_query_after_first_update.]]>
        <![CDATA[Test description: Response code is 200.]]>
        <![CDATA[Error message: expected undefined to deeply equal 200.]]>
        <![CDATA[Stacktrace: AssertionError: expected undefined to deeply equal 200
   at Object.eval sandbox-script.js:1:5).]]>
      </failure>
    </testcase>
    <testcase name="Title which added, equal title in db" time="0.000" classname="E2ERegression">
      <failure type="AssertionFailure" message="the given combination of arguments (undefined and string) is invalid for this assertion. You can use an array, a map, an object, a set, a string, or a weakset instead of a string">
        <![CDATA[Failed 1 times.]]>
        <![CDATA[Collection JSON ID: b0c3c496-91ab-4155-8da5-21bf3a25bf0d.]]>
        <![CDATA[Collection name: e2e-regression.]]>
        <![CDATA[Request name: Positive-critical-path / slq_query_after_first_update.]]>
        <![CDATA[Test description: Title which added, equal title in db.]]>
        <![CDATA[Error message: the given combination of arguments (undefined and string) is invalid for this assertion. You can use an array, a map, an object, a set, a string, or a weakset instead of a string.]]>
        <![CDATA[Stacktrace: AssertionError: the given combination of arguments (undefined and string) is invalid for this assertion. You can use an array, a map, an object, a set, a string, or a weakset instead of a string
   at Object.eval sandbox-script.js:2:5).]]>
      </failure>
    </testcase>
  </testsuite>
  <testsuite name="Positive-critical-path / check_activity_updated" id="124a034c-327b-4daf-95c7-afbbc4896a7b" timestamp="2024-03-20T07:32:43.466Z" tests="1" failures="1" errors="2" time="0.000">
    <system-err><![CDATA[Iteration: 0
RequestError: Error: connect ECONNREFUSED 172.26.0.4:8080
    at TCPConnectWrap.afterConnect [as oncomplete] (node:net:1278:16)

---
testScriptError: Unexpected token u in JSON at position 0
---
]]></system-err>
    <testcase name="Status code is 200" time="0.000" classname="E2ERegression">
      <failure type="AssertionFailure" message="expected undefined to deeply equal 200">
        <![CDATA[Failed 1 times.]]>
        <![CDATA[Collection JSON ID: b0c3c496-91ab-4155-8da5-21bf3a25bf0d.]]>
        <![CDATA[Collection name: e2e-regression.]]>
        <![CDATA[Request name: Positive-critical-path / check_activity_updated.]]>
        <![CDATA[Test description: Status code is 200.]]>
        <![CDATA[Error message: expected undefined to deeply equal 200.]]>
        <![CDATA[Stacktrace: AssertionError: expected undefined to deeply equal 200
   at Object.eval sandbox-script.js:1:6).]]>
      </failure>
    </testcase>
  </testsuite>
  <testsuite name="Positive-critical-path / add_time_spent" id="6f4ec1f8-ae7f-4b8e-9fc4-d2681d9e04c3" timestamp="2024-03-20T07:32:43.466Z" tests="2" failures="2" errors="1" time="0.000">
    <system-err><![CDATA[Iteration: 0
RequestError: Error: connect ECONNREFUSED 172.26.0.4:8080
    at TCPConnectWrap.afterConnect [as oncomplete] (node:net:1278:16)

---
]]></system-err>
    <testcase name="Status code is 200" time="0.000" classname="E2ERegression">
      <failure type="AssertionFailure" message="expected undefined to deeply equal 200">
        <![CDATA[Failed 1 times.]]>
        <![CDATA[Collection JSON ID: b0c3c496-91ab-4155-8da5-21bf3a25bf0d.]]>
        <![CDATA[Collection name: e2e-regression.]]>
        <![CDATA[Request name: Positive-critical-path / add_time_spent.]]>
        <![CDATA[Test description: Status code is 200.]]>
        <![CDATA[Error message: expected undefined to deeply equal 200.]]>
        <![CDATA[Stacktrace: AssertionError: expected undefined to deeply equal 200
   at Object.eval sandbox-script.js:1:7).]]>
      </failure>
    </testcase>
    <testcase name="Anwser has text about time added" time="0.000" classname="E2ERegression">
      <failure type="AssertionFailure" message="the given combination of arguments (undefined and string) is invalid for this assertion. You can use an array, a map, an object, a set, a string, or a weakset instead of a string">
        <![CDATA[Failed 1 times.]]>
        <![CDATA[Collection JSON ID: b0c3c496-91ab-4155-8da5-21bf3a25bf0d.]]>
        <![CDATA[Collection name: e2e-regression.]]>
        <![CDATA[Request name: Positive-critical-path / add_time_spent.]]>
        <![CDATA[Test description: Anwser has text about time added.]]>
        <![CDATA[Error message: the given combination of arguments (undefined and string) is invalid for this assertion. You can use an array, a map, an object, a set, a string, or a weakset instead of a string.]]>
        <![CDATA[Stacktrace: AssertionError: the given combination of arguments (undefined and string) is invalid for this assertion. You can use an array, a map, an object, a set, a string, or a weakset instead of a string
   at Object.eval sandbox-script.js:2:7).]]>
      </failure>
    </testcase>
  </testsuite>
  <testsuite name="Positive-critical-path / slq_query_after_add_time_spent" id="e4a0966e-7236-409a-ad98-90b7f5137b20" timestamp="2024-03-20T07:32:43.466Z" tests="2" failures="2" errors="1" time="0.000">
    <system-err><![CDATA[Iteration: 0
RequestError: Error: connect ECONNREFUSED 172.26.0.3:4545
    at TCPConnectWrap.afterConnect [as oncomplete] (node:net:1278:16)

---
]]></system-err>
    <testcase name="Response code is 200" time="0.000" classname="E2ERegression">
      <failure type="AssertionFailure" message="expected undefined to deeply equal 200">
        <![CDATA[Failed 1 times.]]>
        <![CDATA[Collection JSON ID: b0c3c496-91ab-4155-8da5-21bf3a25bf0d.]]>
        <![CDATA[Collection name: e2e-regression.]]>
        <![CDATA[Request name: Positive-critical-path / slq_query_after_add_time_spent.]]>
        <![CDATA[Test description: Response code is 200.]]>
        <![CDATA[Error message: expected undefined to deeply equal 200.]]>
        <![CDATA[Stacktrace: AssertionError: expected undefined to deeply equal 200
   at Object.eval sandbox-script.js:1:8).]]>
      </failure>
    </testcase>
    <testcase name="Response not empty" time="0.000" classname="E2ERegression">
      <failure type="AssertionFailure" message="Cannot read properties of undefined (reading 'length')">
        <![CDATA[Failed 1 times.]]>
        <![CDATA[Collection JSON ID: b0c3c496-91ab-4155-8da5-21bf3a25bf0d.]]>
        <![CDATA[Collection name: e2e-regression.]]>
        <![CDATA[Request name: Positive-critical-path / slq_query_after_add_time_spent.]]>
        <![CDATA[Test description: Response not empty.]]>
        <![CDATA[Error message: Cannot read properties of undefined (reading 'length').]]>
        <![CDATA[Stacktrace: TypeError: Cannot read properties of undefined (reading 'length')
   at Object.eval sandbox-script.js:2:8).]]>
      </failure>
    </testcase>
  </testsuite>
  <testsuite name="Positive-critical-path / check_time_spent_aded" id="d76d88ca-bca8-4c6e-92f6-b48e3924ae6b" timestamp="2024-03-20T07:32:43.466Z" tests="0" failures="0" errors="2" time="0.000">
    <system-err><![CDATA[Iteration: 0
RequestError: Error: connect ECONNREFUSED 172.26.0.4:8080
    at TCPConnectWrap.afterConnect [as oncomplete] (node:net:1278:16)

---
testScriptError: Unexpected token u in JSON at position 0
---
]]></system-err>
  </testsuite>
  <testsuite name="Positive-critical-path / update_activity_2" id="2addd2a0-5aae-48ef-8bad-609ae75bd9b6" timestamp="2024-03-20T07:32:43.466Z" tests="1" failures="1" errors="2" time="0.000">
    <system-err><![CDATA[Iteration: 0
RequestError: Error: connect ECONNREFUSED 172.26.0.4:8080
    at TCPConnectWrap.afterConnect [as oncomplete] (node:net:1278:16)

---
testScriptError: Unexpected token u in JSON at position 0
---
]]></system-err>
    <testcase name="Status code is 200" time="0.000" classname="E2ERegression">
      <failure type="AssertionFailure" message="expected undefined to deeply equal 200">
        <![CDATA[Failed 1 times.]]>
        <![CDATA[Collection JSON ID: b0c3c496-91ab-4155-8da5-21bf3a25bf0d.]]>
        <![CDATA[Collection name: e2e-regression.]]>
        <![CDATA[Request name: Positive-critical-path / update_activity_2.]]>
        <![CDATA[Test description: Status code is 200.]]>
        <![CDATA[Error message: expected undefined to deeply equal 200.]]>
        <![CDATA[Stacktrace: AssertionError: expected undefined to deeply equal 200
   at Object.eval sandbox-script.js:1:10).]]>
      </failure>
    </testcase>
  </testsuite>
  <testsuite name="Positive-critical-path / check_time_spent_exist_after_update" id="67dd7a79-a224-43c0-8def-49a98cc14113" timestamp="2024-03-20T07:32:43.466Z" tests="0" failures="0" errors="2" time="0.000">
    <system-err><![CDATA[Iteration: 0
RequestError: Error: connect ECONNREFUSED 172.26.0.4:8080
    at TCPConnectWrap.afterConnect [as oncomplete] (node:net:1278:16)

---
testScriptError: Unexpected token u in JSON at position 0
---
]]></system-err>
  </testsuite>
  <testsuite name="Positive-critical-path / add_time_spent_more_than_exist" id="085a277e-4ba2-4d0a-9a3f-4086992525d1" timestamp="2024-03-20T07:32:43.466Z" tests="2" failures="2" errors="1" time="0.000">
    <system-err><![CDATA[Iteration: 0
RequestError: Error: connect ECONNREFUSED 172.26.0.4:8080
    at TCPConnectWrap.afterConnect [as oncomplete] (node:net:1278:16)

---
]]></system-err>
    <testcase name="Status code is 200" time="0.000" classname="E2ERegression">
      <failure type="AssertionFailure" message="expected undefined to deeply equal 200">
        <![CDATA[Failed 1 times.]]>
        <![CDATA[Collection JSON ID: b0c3c496-91ab-4155-8da5-21bf3a25bf0d.]]>
        <![CDATA[Collection name: e2e-regression.]]>
        <![CDATA[Request name: Positive-critical-path / add_time_spent_more_than_exist.]]>
        <![CDATA[Test description: Status code is 200.]]>
        <![CDATA[Error message: expected undefined to deeply equal 200.]]>
        <![CDATA[Stacktrace: AssertionError: expected undefined to deeply equal 200
   at Object.eval sandbox-script.js:1:12).]]>
      </failure>
    </testcase>
    <testcase name="Anwser has text about time added" time="0.000" classname="E2ERegression">
      <failure type="AssertionFailure" message="the given combination of arguments (undefined and string) is invalid for this assertion. You can use an array, a map, an object, a set, a string, or a weakset instead of a string">
        <![CDATA[Failed 1 times.]]>
        <![CDATA[Collection JSON ID: b0c3c496-91ab-4155-8da5-21bf3a25bf0d.]]>
        <![CDATA[Collection name: e2e-regression.]]>
        <![CDATA[Request name: Positive-critical-path / add_time_spent_more_than_exist.]]>
        <![CDATA[Test description: Anwser has text about time added.]]>
        <![CDATA[Error message: the given combination of arguments (undefined and string) is invalid for this assertion. You can use an array, a map, an object, a set, a string, or a weakset instead of a string.]]>
        <![CDATA[Stacktrace: AssertionError: the given combination of arguments (undefined and string) is invalid for this assertion. You can use an array, a map, an object, a set, a string, or a weakset instead of a string
   at Object.eval sandbox-script.js:2:12).]]>
      </failure>
    </testcase>
  </testsuite>
  <testsuite name="Positive-critical-path / Delete_activity" id="5f3a5aad-d08d-4671-b4ff-19fb0b0267c8" timestamp="2024-03-20T07:32:43.466Z" tests="2" failures="2" errors="1" time="0.000">
    <system-err><![CDATA[Iteration: 0
RequestError: Error: connect ECONNREFUSED 172.26.0.4:8080
    at TCPConnectWrap.afterConnect [as oncomplete] (node:net:1278:16)

---
]]></system-err>
    <testcase name="Status code is 200" time="0.000" classname="E2ERegression">
      <failure type="AssertionFailure" message="expected undefined to deeply equal 200">
        <![CDATA[Failed 1 times.]]>
        <![CDATA[Collection JSON ID: b0c3c496-91ab-4155-8da5-21bf3a25bf0d.]]>
        <![CDATA[Collection name: e2e-regression.]]>
        <![CDATA[Request name: Positive-critical-path / Delete_activity.]]>
        <![CDATA[Test description: Status code is 200.]]>
        <![CDATA[Error message: expected undefined to deeply equal 200.]]>
        <![CDATA[Stacktrace: AssertionError: expected undefined to deeply equal 200
   at Object.eval sandbox-script.js:1:13).]]>
      </failure>
    </testcase>
    <testcase name="Text should contain true information" time="0.000" classname="E2ERegression">
      <failure type="AssertionFailure" message="the given combination of arguments (undefined and string) is invalid for this assertion. You can use an array, a map, an object, a set, a string, or a weakset instead of a string">
        <![CDATA[Failed 1 times.]]>
        <![CDATA[Collection JSON ID: b0c3c496-91ab-4155-8da5-21bf3a25bf0d.]]>
        <![CDATA[Collection name: e2e-regression.]]>
        <![CDATA[Request name: Positive-critical-path / Delete_activity.]]>
        <![CDATA[Test description: Text should contain true information.]]>
        <![CDATA[Error message: the given combination of arguments (undefined and string) is invalid for this assertion. You can use an array, a map, an object, a set, a string, or a weakset instead of a string.]]>
        <![CDATA[Stacktrace: AssertionError: the given combination of arguments (undefined and string) is invalid for this assertion. You can use an array, a map, an object, a set, a string, or a weakset instead of a string
   at Object.eval sandbox-script.js:2:13).]]>
      </failure>
    </testcase>
  </testsuite>
  <testsuite name="Positive-critical-path / slq_query_after_add_delete_activity" id="0aed825a-064d-4ede-836d-55d72073ca01" timestamp="2024-03-20T07:32:43.466Z" tests="2" failures="2" errors="1" time="0.000">
    <system-err><![CDATA[Iteration: 0
RequestError: Error: connect ECONNREFUSED 172.26.0.3:4545
    at TCPConnectWrap.afterConnect [as oncomplete] (node:net:1278:16)

---
]]></system-err>
    <testcase name="Response code is 200" time="0.000" classname="E2ERegression">
      <failure type="AssertionFailure" message="expected undefined to deeply equal 200">
        <![CDATA[Failed 1 times.]]>
        <![CDATA[Collection JSON ID: b0c3c496-91ab-4155-8da5-21bf3a25bf0d.]]>
        <![CDATA[Collection name: e2e-regression.]]>
        <![CDATA[Request name: Positive-critical-path / slq_query_after_add_delete_activity.]]>
        <![CDATA[Test description: Response code is 200.]]>
        <![CDATA[Error message: expected undefined to deeply equal 200.]]>
        <![CDATA[Stacktrace: AssertionError: expected undefined to deeply equal 200
   at Object.eval sandbox-script.js:1:14).]]>
      </failure>
    </testcase>
    <testcase name="Activities deleted from db, and response is empty" time="0.000" classname="E2ERegression">
      <failure type="AssertionFailure" message="Cannot read properties of undefined (reading 'length')">
        <![CDATA[Failed 1 times.]]>
        <![CDATA[Collection JSON ID: b0c3c496-91ab-4155-8da5-21bf3a25bf0d.]]>
        <![CDATA[Collection name: e2e-regression.]]>
        <![CDATA[Request name: Positive-critical-path / slq_query_after_add_delete_activity.]]>
        <![CDATA[Test description: Activities deleted from db, and response is empty.]]>
        <![CDATA[Error message: Cannot read properties of undefined (reading 'length').]]>
        <![CDATA[Stacktrace: TypeError: Cannot read properties of undefined (reading 'length')
   at Object.eval sandbox-script.js:2:14).]]>
      </failure>
    </testcase>
  </testsuite>
  <testsuite name="Positive-critical-path / check_time_spent_exist_after_delete" id="c958069e-30d4-44ab-b4d9-8e8fe0ed7c12" timestamp="2024-03-20T07:32:43.466Z" tests="0" failures="0" errors="2" time="0.000">
    <system-err><![CDATA[Iteration: 0
RequestError: Error: connect ECONNREFUSED 172.26.0.4:8080
    at TCPConnectWrap.afterConnect [as oncomplete] (node:net:1278:16)

---
testScriptError: Unexpected token u in JSON at position 0
---
]]></system-err>
  </testsuite>
  <testsuite name="Positive-critical-path / add_time_spent_when_activity_not_exist" id="b17ef6be-f688-42aa-9401-2ed1c3a03ba9" timestamp="2024-03-20T07:32:43.466Z" tests="1" failures="1" errors="1" time="0.000">
    <system-err><![CDATA[Iteration: 0
RequestError: Error: connect ECONNREFUSED 172.26.0.4:8080
    at TCPConnectWrap.afterConnect [as oncomplete] (node:net:1278:16)

---
]]></system-err>
    <testcase name="Status code is 404" time="0.000" classname="E2ERegression">
      <failure type="AssertionFailure" message="expected undefined to deeply equal 404">
        <![CDATA[Failed 1 times.]]>
        <![CDATA[Collection JSON ID: b0c3c496-91ab-4155-8da5-21bf3a25bf0d.]]>
        <![CDATA[Collection name: e2e-regression.]]>
        <![CDATA[Request name: Positive-critical-path / add_time_spent_when_activity_not_exist.]]>
        <![CDATA[Test description: Status code is 404.]]>
        <![CDATA[Error message: expected undefined to deeply equal 404.]]>
        <![CDATA[Stacktrace: AssertionError: expected undefined to deeply equal 404
   at Object.eval sandbox-script.js:1:16).]]>
      </failure>
    </testcase>
  </testsuite>
  <testsuite name="NegativeCases / Add / miss_one_field" id="3ce1641c-fe47-4fb5-994f-51f3965eff00" timestamp="2024-03-20T07:32:43.466Z" tests="2" failures="2" errors="1" time="0.000">
    <system-err><![CDATA[Iteration: 0
RequestError: Error: connect ECONNREFUSED 172.26.0.4:8080
    at TCPConnectWrap.afterConnect [as oncomplete] (node:net:1278:16)

---
]]></system-err>
    <testcase name="Status code is 422" time="0.000" classname="E2ERegression">
      <failure type="AssertionFailure" message="expected undefined to deeply equal 422">
        <![CDATA[Failed 1 times.]]>
        <![CDATA[Collection JSON ID: b0c3c496-91ab-4155-8da5-21bf3a25bf0d.]]>
        <![CDATA[Collection name: e2e-regression.]]>
        <![CDATA[Request name: NegativeCases / Add / miss_one_field.]]>
        <![CDATA[Test description: Status code is 422.]]>
        <![CDATA[Error message: expected undefined to deeply equal 422.]]>
        <![CDATA[Stacktrace: AssertionError: expected undefined to deeply equal 422
   at Object.eval sandbox-script.js:1:17).]]>
      </failure>
    </testcase>
    <testcase name="Response text should exist information about field which missed" time="0.000" classname="E2ERegression">
      <failure type="AssertionFailure" message="the given combination of arguments (undefined and string) is invalid for this assertion. You can use an array, a map, an object, a set, a string, or a weakset instead of a string">
        <![CDATA[Failed 1 times.]]>
        <![CDATA[Collection JSON ID: b0c3c496-91ab-4155-8da5-21bf3a25bf0d.]]>
        <![CDATA[Collection name: e2e-regression.]]>
        <![CDATA[Request name: NegativeCases / Add / miss_one_field.]]>
        <![CDATA[Test description: Response text should exist information about field which missed.]]>
        <![CDATA[Error message: the given combination of arguments (undefined and string) is invalid for this assertion. You can use an array, a map, an object, a set, a string, or a weakset instead of a string.]]>
        <![CDATA[Stacktrace: AssertionError: the given combination of arguments (undefined and string) is invalid for this assertion. You can use an array, a map, an object, a set, a string, or a weakset instead of a string
   at Object.eval sandbox-script.js:2:17).]]>
      </failure>
    </testcase>
  </testsuite>
  <testsuite name="NegativeCases / Add / miss_several_fields" id="180081f9-1f7f-4dad-a27d-0e43626e0976" timestamp="2024-03-20T07:32:43.466Z" tests="3" failures="3" errors="1" time="0.000">
    <system-err><![CDATA[Iteration: 0
RequestError: Error: connect ECONNREFUSED 172.26.0.4:8080
    at TCPConnectWrap.afterConnect [as oncomplete] (node:net:1278:16)

---
]]></system-err>
    <testcase name="Status code is 422" time="0.000" classname="E2ERegression">
      <failure type="AssertionFailure" message="expected undefined to deeply equal 422">
        <![CDATA[Failed 1 times.]]>
        <![CDATA[Collection JSON ID: b0c3c496-91ab-4155-8da5-21bf3a25bf0d.]]>
        <![CDATA[Collection name: e2e-regression.]]>
        <![CDATA[Request name: NegativeCases / Add / miss_several_fields.]]>
        <![CDATA[Test description: Status code is 422.]]>
        <![CDATA[Error message: expected undefined to deeply equal 422.]]>
        <![CDATA[Stacktrace: AssertionError: expected undefined to deeply equal 422
   at Object.eval sandbox-script.js:1:18).]]>
      </failure>
    </testcase>
    <testcase name="Response text should exist information about missed title" time="0.000" classname="E2ERegression">
      <failure type="AssertionFailure" message="the given combination of arguments (undefined and string) is invalid for this assertion. You can use an array, a map, an object, a set, a string, or a weakset instead of a string">
        <![CDATA[Failed 1 times.]]>
        <![CDATA[Collection JSON ID: b0c3c496-91ab-4155-8da5-21bf3a25bf0d.]]>
        <![CDATA[Collection name: e2e-regression.]]>
        <![CDATA[Request name: NegativeCases / Add / miss_several_fields.]]>
        <![CDATA[Test description: Response text should exist information about missed title.]]>
        <![CDATA[Error message: the given combination of arguments (undefined and string) is invalid for this assertion. You can use an array, a map, an object, a set, a string, or a weakset instead of a string.]]>
        <![CDATA[Stacktrace: AssertionError: the given combination of arguments (undefined and string) is invalid for this assertion. You can use an array, a map, an object, a set, a string, or a weakset instead of a string
   at Object.eval sandbox-script.js:2:18).]]>
      </failure>
    </testcase>
    <testcase name="Response text should exist information about missed Time" time="0.000" classname="E2ERegression">
      <failure type="AssertionFailure" message="the given combination of arguments (undefined and string) is invalid for this assertion. You can use an array, a map, an object, a set, a string, or a weakset instead of a string">
        <![CDATA[Failed 1 times.]]>
        <![CDATA[Collection JSON ID: b0c3c496-91ab-4155-8da5-21bf3a25bf0d.]]>
        <![CDATA[Collection name: e2e-regression.]]>
        <![CDATA[Request name: NegativeCases / Add / miss_several_fields.]]>
        <![CDATA[Test description: Response text should exist information about missed Time.]]>
        <![CDATA[Error message: the given combination of arguments (undefined and string) is invalid for this assertion. You can use an array, a map, an object, a set, a string, or a weakset instead of a string.]]>
        <![CDATA[Stacktrace: AssertionError: the given combination of arguments (undefined and string) is invalid for this assertion. You can use an array, a map, an object, a set, a string, or a weakset instead of a string
   at Object.eval sandbox-script.js:3:18).]]>
      </failure>
    </testcase>
  </testsuite>
  <testsuite name="NegativeCases / Add / wrong_data_type" id="06595841-5be6-4858-99c5-9135b7173d71" timestamp="2024-03-20T07:32:43.466Z" tests="2" failures="0" errors="0" time="0.251">
    <testcase name="Status code is 422" time="0.251" classname="E2ERegression"/>
    <testcase name="Response text should exist information about invalid type" time="0.251" classname="E2ERegression"/>
  </testsuite>
  <testsuite name="NegativeCases / Add / body_type_text" id="19f47420-3a99-4b7a-a015-2994b74d8691" timestamp="2024-03-20T07:32:43.466Z" tests="1" failures="1" errors="0" time="0.008">
    <testcase name="Status code is 422" time="0.008" classname="E2ERegression">
      <failure type="AssertionFailure" message="expected 404 to deeply equal 422">
        <![CDATA[Failed 1 times.]]>
        <![CDATA[Collection JSON ID: b0c3c496-91ab-4155-8da5-21bf3a25bf0d.]]>
        <![CDATA[Collection name: e2e-regression.]]>
        <![CDATA[Request name: NegativeCases / Add / body_type_text.]]>
        <![CDATA[Test description: Status code is 422.]]>
        <![CDATA[Error message: expected 404 to deeply equal 422.]]>
        <![CDATA[Stacktrace: AssertionError: expected 404 to deeply equal 422
   at Object.eval sandbox-script.js:1:20).]]>
      </failure>
    </testcase>
  </testsuite>
  <testsuite name="NegativeCases / Add / miss_body" id="8168b634-6a44-4186-bfcf-d6b2ba0d8114" timestamp="2024-03-20T07:32:43.466Z" tests="2" failures="0" errors="0" time="0.005">
    <testcase name="Status code is 422" time="0.005" classname="E2ERegression"/>
    <testcase name="Response text should exist information about missed body" time="0.005" classname="E2ERegression"/>
  </testsuite>
  <testsuite name="NegativeCases / Edit / update_activity_with_empty_value" id="3ae94d27-4bf5-472b-979f-9b3a0301a967" timestamp="2024-03-20T07:32:43.466Z" tests="4" failures="0" errors="0" time="0.009">
    <testcase name="response should be okay to process" time="0.009" classname="E2ERegression"/>
    <testcase name="Status code is 422" time="0.009" classname="E2ERegression"/>
    <testcase name="The response has text about missing time" time="0.009" classname="E2ERegression"/>
  </testsuite>
  <testsuite name="NegativeCases / Edit / update_activity_with_incorect_data_type" id="b220d8b7-b6ed-4f08-b1be-c08f43db57c2" timestamp="2024-03-20T07:32:43.466Z" tests="4" failures="0" errors="0" time="0.007">
    <testcase name="response should be okay to process" time="0.007" classname="E2ERegression"/>
    <testcase name="Status code is 422" time="0.007" classname="E2ERegression"/>
    <testcase name="The response has text about invalid type" time="0.007" classname="E2ERegression"/>
  </testsuite>
  <testsuite name="NegativeCases / Edit / update_activity_add_not_exist_field" id="1efac294-64ed-4fbd-bef5-cd7c26650cc9" timestamp="2024-03-20T07:32:43.466Z" tests="4" failures="0" errors="0" time="0.006">
    <testcase name="response should be okay to process" time="0.006" classname="E2ERegression"/>
    <testcase name="Status code is 422" time="0.006" classname="E2ERegression"/>
    <testcase name="The response has information `Cannot update. invalid data.`" time="0.006" classname="E2ERegression"/>
  </testsuite>
  <testsuite name="NegativeCases / Delete / delete_not_exist_activity" id="5817244c-7fbb-4f2a-a1b5-df30aa3f238b" timestamp="2024-03-20T07:32:43.466Z" tests="2" failures="2" errors="0" time="0.007">
    <testcase name="Status code is 404" time="0.007" classname="E2ERegression">
      <failure type="AssertionFailure" message="expected 200 to deeply equal 404">
        <![CDATA[Failed 1 times.]]>
        <![CDATA[Collection JSON ID: b0c3c496-91ab-4155-8da5-21bf3a25bf0d.]]>
        <![CDATA[Collection name: e2e-regression.]]>
        <![CDATA[Request name: NegativeCases / Delete / delete_not_exist_activity.]]>
        <![CDATA[Test description: Status code is 404.]]>
        <![CDATA[Error message: expected 200 to deeply equal 404.]]>
        <![CDATA[Stacktrace: AssertionError: expected 200 to deeply equal 404
   at Object.eval sandbox-script.js:1:25).]]>
      </failure>
    </testcase>
    <testcase name="Text should contain true information" time="0.007" classname="E2ERegression">
      <failure type="AssertionFailure" message="expected 'Activity 100001 deleted' to include 'Activities not Found'">
        <![CDATA[Failed 1 times.]]>
        <![CDATA[Collection JSON ID: b0c3c496-91ab-4155-8da5-21bf3a25bf0d.]]>
        <![CDATA[Collection name: e2e-regression.]]>
        <![CDATA[Request name: NegativeCases / Delete / delete_not_exist_activity.]]>
        <![CDATA[Test description: Text should contain true information.]]>
        <![CDATA[Error message: expected 'Activity 100001 deleted' to include 'Activities not Found'.]]>
        <![CDATA[Stacktrace: AssertionError: expected 'Activity 100001 deleted' to include 'Activities not Found'
   at Object.eval sandbox-script.js:2:25).]]>
      </failure>
    </testcase>
  </testsuite>
  <testsuite name="NegativeCases / Write_off / add_time_spent_with_0" id="dd680189-4903-4374-ad21-96f59af6cc85" timestamp="2024-03-20T07:32:43.466Z" tests="4" failures="0" errors="0" time="0.008">
    <testcase name="response should be okay to process" time="0.008" classname="E2ERegression"/>
    <testcase name="Status code is 422" time="0.008" classname="E2ERegression"/>
    <testcase name="Response has valid text `Cannot update. invalid data.`" time="0.008" classname="E2ERegression"/>
  </testsuite>
</testsuites>